<?xml version="1.0" encoding="UTF-8"?>
<!-- Generated by org.testng.reporters.JUnitXMLReporter -->
<testsuite hostname="LAPTOP-BM04L1NK" ignored="0" name="Test" tests="9" failures="2" timestamp="12 Jul 2019 10:30:09 GMT" time="390.06" errors="0">
  <testcase name="@BeforeMethod setup" time="44.665" classname="com.crm.qa.testcases.HomePageTest">
    <failure type="org.openqa.selenium.WebDriverException" message="unknown error: cannot determine loading status
from disconnected: received Inspector.detached event
  (Session info: chrome=75.0.3770.100)
Build info: version: &amp;apos;3.141.59&amp;apos;, revision: &amp;apos;e82be7d358&amp;apos;, time: &amp;apos;2018-11-14T08:25:48&amp;apos;
System info: host: &amp;apos;LAPTOP-BM04L1NK&amp;apos;, ip: &amp;apos;192.168.0.104&amp;apos;, os.name: &amp;apos;Windows 8.1&amp;apos;, os.arch: &amp;apos;amd64&amp;apos;, os.version: &amp;apos;6.3&amp;apos;, java.version: &amp;apos;1.8.0_51&amp;apos;
Driver info: org.openqa.selenium.chrome.ChromeDriver
Capabilities {acceptInsecureCerts: false, browserName: chrome, browserVersion: 75.0.3770.100, chrome: {chromedriverVersion: 75.0.3770.90 (a6dcaf7e3ec6f..., userDataDir: C:\Users\Sai\AppData\Local\...}, goog:chromeOptions: {debuggerAddress: localhost:60445}, javascriptEnabled: true, networkConnectionEnabled: false, pageLoadStrategy: normal, platform: XP, platformName: XP, proxy: Proxy(), setWindowRect: true, strictFileInteractability: false, timeouts: {implicit: 0, pageLoad: 300000, script: 30000}, unhandledPromptBehavior: dismiss and notify}
Session ID: 4e5cfb360b3de75b83081fd22fb1f13f">
      <![CDATA[org.openqa.selenium.WebDriverException: unknown error: cannot determine loading status
from disconnected: received Inspector.detached event
  (Session info: chrome=75.0.3770.100)
Build info: version: '3.141.59', revision: 'e82be7d358', time: '2018-11-14T08:25:48'
System info: host: 'LAPTOP-BM04L1NK', ip: '192.168.0.104', os.name: 'Windows 8.1', os.arch: 'amd64', os.version: '6.3', java.version: '1.8.0_51'
Driver info: org.openqa.selenium.chrome.ChromeDriver
Capabilities {acceptInsecureCerts: false, browserName: chrome, browserVersion: 75.0.3770.100, chrome: {chromedriverVersion: 75.0.3770.90 (a6dcaf7e3ec6f..., userDataDir: C:\Users\Sai\AppData\Local\...}, goog:chromeOptions: {debuggerAddress: localhost:60445}, javascriptEnabled: true, networkConnectionEnabled: false, pageLoadStrategy: normal, platform: XP, platformName: XP, proxy: Proxy(), setWindowRect: true, strictFileInteractability: false, timeouts: {implicit: 0, pageLoad: 300000, script: 30000}, unhandledPromptBehavior: dismiss and notify}
Session ID: 4e5cfb360b3de75b83081fd22fb1f13f
	at org.openqa.selenium.remote.http.W3CHttpResponseCodec.createException(W3CHttpResponseCodec.java:187)
	at org.openqa.selenium.remote.http.W3CHttpResponseCodec.decode(W3CHttpResponseCodec.java:122)
	at org.openqa.selenium.remote.http.W3CHttpResponseCodec.decode(W3CHttpResponseCodec.java:49)
	at org.openqa.selenium.remote.HttpCommandExecutor.execute(HttpCommandExecutor.java:158)
	at org.openqa.selenium.remote.service.DriverCommandExecutor.execute(DriverCommandExecutor.java:83)
	at org.openqa.selenium.remote.RemoteWebDriver.execute(RemoteWebDriver.java:552)
	at org.openqa.selenium.remote.RemoteWebDriver.execute(RemoteWebDriver.java:609)
	at org.openqa.selenium.remote.RemoteWebDriver$RemoteWebDriverOptions$RemoteWindow.maximize(RemoteWebDriver.java:837)
	at org.openqa.selenium.support.events.EventFiringWebDriver$EventFiringWindow.maximize(EventFiringWebDriver.java:769)
	at com.crm.qa.base.TestBase.initialization(TestBase.java:60)
	at com.crm.qa.testcases.HomePageTest.setup(HomePageTest.java:30)
... Removed 31 stack frames]]>
    </failure>
  </testcase> <!-- @BeforeMethod setup -->
  <testcase name="@BeforeMethod setup" time="0.0" classname="com.crm.qa.testcases.HomePageTest">
    <skipped/>
  </testcase> <!-- @BeforeMethod setup -->
  <testcase name="@BeforeMethod setup" time="15.19" classname="com.crm.qa.testcases.LoginPageTest">
    <failure type="org.openqa.selenium.WebDriverException" message="unknown error: JavaScript code failed
from disconnected: not connected to DevTools
  (Session info: chrome=75.0.3770.100)
Build info: version: &amp;apos;3.141.59&amp;apos;, revision: &amp;apos;e82be7d358&amp;apos;, time: &amp;apos;2018-11-14T08:25:48&amp;apos;
System info: host: &amp;apos;LAPTOP-BM04L1NK&amp;apos;, ip: &amp;apos;192.168.0.104&amp;apos;, os.name: &amp;apos;Windows 8.1&amp;apos;, os.arch: &amp;apos;amd64&amp;apos;, os.version: &amp;apos;6.3&amp;apos;, java.version: &amp;apos;1.8.0_51&amp;apos;
Driver info: org.openqa.selenium.chrome.ChromeDriver
Capabilities {acceptInsecureCerts: false, browserName: chrome, browserVersion: 75.0.3770.100, chrome: {chromedriverVersion: 75.0.3770.90 (a6dcaf7e3ec6f..., userDataDir: C:\Users\Sai\AppData\Local\...}, goog:chromeOptions: {debuggerAddress: localhost:61326}, javascriptEnabled: true, networkConnectionEnabled: false, pageLoadStrategy: normal, platform: XP, platformName: XP, proxy: Proxy(), setWindowRect: true, strictFileInteractability: false, timeouts: {implicit: 0, pageLoad: 300000, script: 30000}, unhandledPromptBehavior: dismiss and notify}
Session ID: e9e20c46469595fbfe4943568659ff96">
      <![CDATA[org.openqa.selenium.WebDriverException: unknown error: JavaScript code failed
from disconnected: not connected to DevTools
  (Session info: chrome=75.0.3770.100)
Build info: version: '3.141.59', revision: 'e82be7d358', time: '2018-11-14T08:25:48'
System info: host: 'LAPTOP-BM04L1NK', ip: '192.168.0.104', os.name: 'Windows 8.1', os.arch: 'amd64', os.version: '6.3', java.version: '1.8.0_51'
Driver info: org.openqa.selenium.chrome.ChromeDriver
Capabilities {acceptInsecureCerts: false, browserName: chrome, browserVersion: 75.0.3770.100, chrome: {chromedriverVersion: 75.0.3770.90 (a6dcaf7e3ec6f..., userDataDir: C:\Users\Sai\AppData\Local\...}, goog:chromeOptions: {debuggerAddress: localhost:61326}, javascriptEnabled: true, networkConnectionEnabled: false, pageLoadStrategy: normal, platform: XP, platformName: XP, proxy: Proxy(), setWindowRect: true, strictFileInteractability: false, timeouts: {implicit: 0, pageLoad: 300000, script: 30000}, unhandledPromptBehavior: dismiss and notify}
Session ID: e9e20c46469595fbfe4943568659ff96
	at org.openqa.selenium.remote.http.W3CHttpResponseCodec.createException(W3CHttpResponseCodec.java:187)
	at org.openqa.selenium.remote.http.W3CHttpResponseCodec.decode(W3CHttpResponseCodec.java:122)
	at org.openqa.selenium.remote.http.W3CHttpResponseCodec.decode(W3CHttpResponseCodec.java:49)
	at org.openqa.selenium.remote.HttpCommandExecutor.execute(HttpCommandExecutor.java:158)
	at org.openqa.selenium.remote.service.DriverCommandExecutor.execute(DriverCommandExecutor.java:83)
	at org.openqa.selenium.remote.RemoteWebDriver.execute(RemoteWebDriver.java:552)
	at org.openqa.selenium.remote.RemoteWebDriver.execute(RemoteWebDriver.java:609)
	at org.openqa.selenium.remote.RemoteWebDriver$RemoteWebDriverOptions$RemoteWindow.maximize(RemoteWebDriver.java:837)
	at org.openqa.selenium.support.events.EventFiringWebDriver$EventFiringWindow.maximize(EventFiringWebDriver.java:769)
	at com.crm.qa.base.TestBase.initialization(TestBase.java:60)
	at com.crm.qa.testcases.LoginPageTest.setup(LoginPageTest.java:25)
... Removed 31 stack frames]]>
    </failure>
  </testcase> <!-- @BeforeMethod setup -->
  <testcase name="@BeforeMethod setup" time="0.0" classname="com.crm.qa.testcases.HomePageTest">
    <skipped/>
  </testcase> <!-- @BeforeMethod setup -->
  <testcase name="@BeforeMethod setup" time="22.426" classname="com.crm.qa.testcases.ContactsPageTest">
    <failure type="org.openqa.selenium.WebDriverException" message="chrome not reachable
  (Session info: chrome=75.0.3770.100)
Build info: version: &amp;apos;3.141.59&amp;apos;, revision: &amp;apos;e82be7d358&amp;apos;, time: &amp;apos;2018-11-14T08:25:48&amp;apos;
System info: host: &amp;apos;LAPTOP-BM04L1NK&amp;apos;, ip: &amp;apos;192.168.0.104&amp;apos;, os.name: &amp;apos;Windows 8.1&amp;apos;, os.arch: &amp;apos;amd64&amp;apos;, os.version: &amp;apos;6.3&amp;apos;, java.version: &amp;apos;1.8.0_51&amp;apos;
Driver info: org.openqa.selenium.chrome.ChromeDriver
Capabilities {acceptInsecureCerts: false, browserName: chrome, browserVersion: 75.0.3770.100, chrome: {chromedriverVersion: 75.0.3770.90 (a6dcaf7e3ec6f..., userDataDir: C:\Users\Sai\AppData\Local\...}, goog:chromeOptions: {debuggerAddress: localhost:61556}, javascriptEnabled: true, networkConnectionEnabled: false, pageLoadStrategy: normal, platform: XP, platformName: XP, proxy: Proxy(), setWindowRect: true, strictFileInteractability: false, timeouts: {implicit: 0, pageLoad: 300000, script: 30000}, unhandledPromptBehavior: dismiss and notify}
Session ID: b1eab145af9a0e56cb4e940ad6be0ca4">
      <![CDATA[org.openqa.selenium.WebDriverException: chrome not reachable
  (Session info: chrome=75.0.3770.100)
Build info: version: '3.141.59', revision: 'e82be7d358', time: '2018-11-14T08:25:48'
System info: host: 'LAPTOP-BM04L1NK', ip: '192.168.0.104', os.name: 'Windows 8.1', os.arch: 'amd64', os.version: '6.3', java.version: '1.8.0_51'
Driver info: org.openqa.selenium.chrome.ChromeDriver
Capabilities {acceptInsecureCerts: false, browserName: chrome, browserVersion: 75.0.3770.100, chrome: {chromedriverVersion: 75.0.3770.90 (a6dcaf7e3ec6f..., userDataDir: C:\Users\Sai\AppData\Local\...}, goog:chromeOptions: {debuggerAddress: localhost:61556}, javascriptEnabled: true, networkConnectionEnabled: false, pageLoadStrategy: normal, platform: XP, platformName: XP, proxy: Proxy(), setWindowRect: true, strictFileInteractability: false, timeouts: {implicit: 0, pageLoad: 300000, script: 30000}, unhandledPromptBehavior: dismiss and notify}
Session ID: b1eab145af9a0e56cb4e940ad6be0ca4
	at org.openqa.selenium.remote.http.W3CHttpResponseCodec.createException(W3CHttpResponseCodec.java:187)
	at org.openqa.selenium.remote.http.W3CHttpResponseCodec.decode(W3CHttpResponseCodec.java:122)
	at org.openqa.selenium.remote.http.W3CHttpResponseCodec.decode(W3CHttpResponseCodec.java:49)
	at org.openqa.selenium.remote.HttpCommandExecutor.execute(HttpCommandExecutor.java:158)
	at org.openqa.selenium.remote.service.DriverCommandExecutor.execute(DriverCommandExecutor.java:83)
	at org.openqa.selenium.remote.RemoteWebDriver.execute(RemoteWebDriver.java:552)
	at org.openqa.selenium.remote.RemoteWebDriver.execute(RemoteWebDriver.java:609)
	at org.openqa.selenium.remote.RemoteWebDriver$RemoteWebDriverOptions.deleteAllCookies(RemoteWebDriver.java:694)
	at org.openqa.selenium.support.events.EventFiringWebDriver$EventFiringOptions.deleteAllCookies(EventFiringWebDriver.java:630)
	at com.crm.qa.base.TestBase.initialization(TestBase.java:61)
	at com.crm.qa.testcases.ContactsPageTest.setup(ContactsPageTest.java:28)
... Removed 31 stack frames]]>
    </failure>
  </testcase> <!-- @BeforeMethod setup -->
  <testcase name="@BeforeMethod setup" time="0.0" classname="com.crm.qa.testcases.ContactsPageTest">
    <skipped/>
  </testcase> <!-- @BeforeMethod setup -->
  <testcase name="@BeforeMethod setup" time="0.0" classname="com.crm.qa.testcases.ContactsPageTest">
    <skipped/>
  </testcase> <!-- @BeforeMethod setup -->
  <testcase name="loginPageTitleTest" time="63.874" classname="com.crm.qa.testcases.LoginPageTest">
    <failure type="java.lang.StackOverflowError">
      <![CDATA[java.lang.StackOverflowError
	at sun.nio.cs.SingleByte.withResult(Unknown Source)
	at sun.nio.cs.SingleByte.access$000(Unknown Source)
	at sun.nio.cs.SingleByte$Encoder.encodeArrayLoop(Unknown Source)
	at sun.nio.cs.SingleByte$Encoder.encodeLoop(Unknown Source)
	at java.nio.charset.CharsetEncoder.encode(Unknown Source)
	at sun.nio.cs.StreamEncoder.implWrite(Unknown Source)
	at sun.nio.cs.StreamEncoder.write(Unknown Source)
	at java.io.OutputStreamWriter.write(Unknown Source)
	at java.io.BufferedWriter.flushBuffer(Unknown Source)
	at java.io.PrintStream.write(Unknown Source)
	at java.io.PrintStream.print(Unknown Source)
	at java.io.PrintStream.println(Unknown Source)
	at com.crm.qa.util.WebEventListener.onException(WebEventListener.java:128)
	at org.openqa.selenium.support.events.EventFiringWebDriver.lambda$new$0(EventFiringWebDriver.java:84)
	at org.openqa.selenium.support.events.EventFiringWebDriver$$Lambda$206/45023307.invoke(Unknown Source)
	at com.sun.proxy.$Proxy7.onException(Unknown Source)
	at org.openqa.selenium.support.events.EventFiringWebDriver.lambda$new$1(EventFiringWebDriver.java:107)
	at org.openqa.selenium.support.events.EventFiringWebDriver$$Lambda$207/20224131.invoke(Unknown Source)
	at com.sun.proxy.$Proxy8.getScreenshotAs(Unknown Source)
	at org.openqa.selenium.support.events.EventFiringWebDriver.getScreenshotAs(EventFiringWebDriver.java:302)
	at com.crm.qa.util.TestUtil.takeScreenshotAtEndOfTest(TestUtil.java:65)
	at com.crm.qa.util.WebEventListener.onException(WebEventListener.java:130)
	at org.openqa.selenium.support.events.EventFiringWebDriver.lambda$new$0(EventFiringWebDriver.java:84)
	at org.openqa.selenium.support.events.EventFiringWebDriver$$Lambda$206/45023307.invoke(Unknown Source)
	at com.sun.proxy.$Proxy7.onException(Unknown Source)
	at org.openqa.selenium.support.events.EventFiringWebDriver.lambda$new$1(EventFiringWebDriver.java:107)
	at org.openqa.selenium.support.events.EventFiringWebDriver$$Lambda$207/20224131.invoke(Unknown Source)
	at com.sun.proxy.$Proxy8.getScreenshotAs(Unknown Source)
	at org.openqa.selenium.support.events.EventFiringWebDriver.getScreenshotAs(EventFiringWebDriver.java:302)
	at com.crm.qa.util.TestUtil.takeScreenshotAtEndOfTest(TestUtil.java:65)
	at com.crm.qa.util.WebEventListener.onException(WebEventListener.java:130)
	at org.openqa.selenium.support.events.EventFiringWebDriver.lambda$new$0(EventFiringWebDriver.java:84)
	at org.openqa.selenium.support.events.EventFiringWebDriver$$Lambda$206/45023307.invoke(Unknown Source)
	at com.sun.proxy.$Proxy7.onException(Unknown Source)
	at org.openqa.selenium.support.events.EventFiringWebDriver.lambda$new$1(EventFiringWebDriver.java:107)
	at org.openqa.selenium.support.events.EventFiringWebDriver$$Lambda$207/20224131.invoke(Unknown Source)
	at com.sun.proxy.$Proxy8.getScreenshotAs(Unknown Source)
	at org.openqa.selenium.support.events.EventFiringWebDriver.getScreenshotAs(EventFiringWebDriver.java:302)
	at com.crm.qa.util.TestUtil.takeScreenshotAtEndOfTest(TestUtil.java:65)
	at com.crm.qa.util.WebEventListener.onException(WebEventListener.java:130)
	at org.openqa.selenium.support.events.EventFiringWebDriver.lambda$new$0(EventFiringWebDriver.java:84)
	at org.openqa.selenium.support.events.EventFiringWebDriver$$Lambda$206/45023307.invoke(Unknown Source)
	at com.sun.proxy.$Proxy7.onException(Unknown Source)
	at org.openqa.selenium.support.events.EventFiringWebDriver.lambda$new$1(EventFiringWebDriver.java:107)
	at org.openqa.selenium.support.events.EventFiringWebDriver$$Lambda$207/20224131.invoke(Unknown Source)
	at com.sun.proxy.$Proxy8.getScreenshotAs(Unknown Source)
	at org.openqa.selenium.support.events.EventFiringWebDriver.getScreenshotAs(EventFiringWebDriver.java:302)
	at com.crm.qa.util.TestUtil.takeScreenshotAtEndOfTest(TestUtil.java:65)
	at com.crm.qa.util.WebEventListener.onException(WebEventListener.java:130)
	at org.openqa.selenium.support.events.EventFiringWebDriver.lambda$new$0(EventFiringWebDriver.java:84)
	at org.openqa.selenium.support.events.EventFiringWebDriver$$Lambda$206/45023307.invoke(Unknown Source)
	at com.sun.proxy.$Proxy7.onException(Unknown Source)
	at org.openqa.selenium.support.events.EventFiringWebDriver.lambda$new$1(EventFiringWebDriver.java:107)
	at org.openqa.selenium.support.events.EventFiringWebDriver$$Lambda$207/20224131.invoke(Unknown Source)
	at com.sun.proxy.$Proxy8.getScreenshotAs(Unknown Source)
	at org.openqa.selenium.support.events.EventFiringWebDriver.getScreenshotAs(EventFiringWebDriver.java:302)
	at com.crm.qa.util.TestUtil.takeScreenshotAtEndOfTest(TestUtil.java:65)
	at com.crm.qa.util.WebEventListener.onException(WebEventListener.java:130)
	at org.openqa.selenium.support.events.EventFiringWebDriver.lambda$new$0(EventFiringWebDriver.java:84)
	at org.openqa.selenium.support.events.EventFiringWebDriver$$Lambda$206/45023307.invoke(Unknown Source)
	at com.sun.proxy.$Proxy7.onException(Unknown Source)
	at org.openqa.selenium.support.events.EventFiringWebDriver.lambda$new$1(EventFiringWebDriver.java:107)
	at org.openqa.selenium.support.events.EventFiringWebDriver$$Lambda$207/20224131.invoke(Unknown Source)
	at com.sun.proxy.$Proxy8.getScreenshotAs(Unknown Source)
	at org.openqa.selenium.support.events.EventFiringWebDriver.getScreenshotAs(EventFiringWebDriver.java:302)
	at com.crm.qa.util.TestUtil.takeScreenshotAtEndOfTest(TestUtil.java:65)
	at com.crm.qa.util.WebEventListener.onException(WebEventListener.java:130)
	at org.openqa.selenium.support.events.EventFiringWebDriver.lambda$new$0(EventFiringWebDriver.java:84)
	at org.openqa.selenium.support.events.EventFiringWebDriver$$Lambda$206/45023307.invoke(Unknown Source)
	at com.sun.proxy.$Proxy7.onException(Unknown Source)
	at org.openqa.selenium.support.events.EventFiringWebDriver.lambda$new$1(EventFiringWebDriver.java:107)
	at org.openqa.selenium.support.events.EventFiringWebDriver$$Lambda$207/20224131.invoke(Unknown Source)
	at com.sun.proxy.$Proxy8.getScreenshotAs(Unknown Source)
	at org.openqa.selenium.support.events.EventFiringWebDriver.getScreenshotAs(EventFiringWebDriver.java:302)
	at com.crm.qa.util.TestUtil.takeScreenshotAtEndOfTest(TestUtil.java:65)
	at com.crm.qa.util.WebEventListener.onException(WebEventListener.java:130)
	at org.openqa.selenium.support.events.EventFiringWebDriver.lambda$new$0(EventFiringWebDriver.java:84)
	at org.openqa.selenium.support.events.EventFiringWebDriver$$Lambda$206/45023307.invoke(Unknown Source)
	at com.sun.proxy.$Proxy7.onException(Unknown Source)
	at org.openqa.selenium.support.events.EventFiringWebDriver.lambda$new$1(EventFiringWebDriver.java:107)
	at org.openqa.selenium.support.events.EventFiringWebDriver$$Lambda$207/20224131.invoke(Unknown Source)
	at com.sun.proxy.$Proxy8.getScreenshotAs(Unknown Source)
	at org.openqa.selenium.support.events.EventFiringWebDriver.getScreenshotAs(EventFiringWebDriver.java:302)
	at com.crm.qa.util.TestUtil.takeScreenshotAtEndOfTest(TestUtil.java:65)
	at com.crm.qa.util.WebEventListener.onException(WebEventListener.java:130)
	at org.openqa.selenium.support.events.EventFiringWebDriver.lambda$new$0(EventFiringWebDriver.java:84)
	at org.openqa.selenium.support.events.EventFiringWebDriver$$Lambda$206/45023307.invoke(Unknown Source)
	at com.sun.proxy.$Proxy7.onException(Unknown Source)
	at org.openqa.selenium.support.events.EventFiringWebDriver.lambda$new$1(EventFiringWebDriver.java:107)
	at org.openqa.selenium.support.events.EventFiringWebDriver$$Lambda$207/20224131.invoke(Unknown Source)
	at com.sun.proxy.$Proxy8.getScreenshotAs(Unknown Source)
	at org.openqa.selenium.support.events.EventFiringWebDriver.getScreenshotAs(EventFiringWebDriver.java:302)
	at com.crm.qa.util.TestUtil.takeScreenshotAtEndOfTest(TestUtil.java:65)
	at com.crm.qa.util.WebEventListener.onException(WebEventListener.java:130)
	at org.openqa.selenium.support.events.EventFiringWebDriver.lambda$new$0(EventFiringWebDriver.java:84)
	at org.openqa.selenium.support.events.EventFiringWebDriver$$Lambda$206/45023307.invoke(Unknown Source)
	at com.sun.proxy.$Proxy7.onException(Unknown Source)
	at org.openqa.selenium.support.events.EventFiringWebDriver.lambda$new$1(EventFiringWebDriver.java:107)
	at org.openqa.selenium.support.events.EventFiringWebDriver$$Lambda$207/20224131.invoke(Unknown Source)
	at com.sun.proxy.$Proxy8.getScreenshotAs(Unknown Source)
	at org.openqa.selenium.support.events.EventFiringWebDriver.getScreenshotAs(EventFiringWebDriver.java:302)
	at com.crm.qa.util.TestUtil.takeScreenshotAtEndOfTest(TestUtil.java:65)
	at com.crm.qa.util.WebEventListener.onException(WebEventListener.java:130)
	at org.openqa.selenium.support.events.EventFiringWebDriver.lambda$new$0(EventFiringWebDriver.java:84)
	at org.openqa.selenium.support.events.EventFiringWebDriver$$Lambda$206/45023307.invoke(Unknown Source)
	at com.sun.proxy.$Proxy7.onException(Unknown Source)
	at org.openqa.selenium.support.events.EventFiringWebDriver.lambda$new$1(EventFiringWebDriver.java:107)
	at org.openqa.selenium.support.events.EventFiringWebDriver$$Lambda$207/20224131.invoke(Unknown Source)
	at com.sun.proxy.$Proxy8.getScreenshotAs(Unknown Source)
	at org.openqa.selenium.support.events.EventFiringWebDriver.getScreenshotAs(EventFiringWebDriver.java:302)
	at com.crm.qa.util.TestUtil.takeScreenshotAtEndOfTest(TestUtil.java:65)
	at com.crm.qa.util.WebEventListener.onException(WebEventListener.java:130)
	at org.openqa.selenium.support.events.EventFiringWebDriver.lambda$new$0(EventFiringWebDriver.java:84)
	at org.openqa.selenium.support.events.EventFiringWebDriver$$Lambda$206/45023307.invoke(Unknown Source)
	at com.sun.proxy.$Proxy7.onException(Unknown Source)
	at org.openqa.selenium.support.events.EventFiringWebDriver.lambda$new$1(EventFiringWebDriver.java:107)
	at org.openqa.selenium.support.events.EventFiringWebDriver$$Lambda$207/20224131.invoke(Unknown Source)
	at com.sun.proxy.$Proxy8.getScreenshotAs(Unknown Source)
	at org.openqa.selenium.support.events.EventFiringWebDriver.getScreenshotAs(EventFiringWebDriver.java:302)
	at com.crm.qa.util.TestUtil.takeScreenshotAtEndOfTest(TestUtil.java:65)
	at com.crm.qa.util.WebEventListener.onException(WebEventListener.java:130)
	at org.openqa.selenium.support.events.EventFiringWebDriver.lambda$new$0(EventFiringWebDriver.java:84)
	at org.openqa.selenium.support.events.EventFiringWebDriver$$Lambda$206/45023307.invoke(Unknown Source)
	at com.sun.proxy.$Proxy7.onException(Unknown Source)
	at org.openqa.selenium.support.events.EventFiringWebDriver.lambda$new$1(EventFiringWebDriver.java:107)
	at org.openqa.selenium.support.events.EventFiringWebDriver$$Lambda$207/20224131.invoke(Unknown Source)
	at com.sun.proxy.$Proxy8.getScreenshotAs(Unknown Source)
	at org.openqa.selenium.support.events.EventFiringWebDriver.getScreenshotAs(EventFiringWebDriver.java:302)
	at com.crm.qa.util.TestUtil.takeScreenshotAtEndOfTest(TestUtil.java:65)
	at com.crm.qa.util.WebEventListener.onException(WebEventListener.java:130)
	at org.openqa.selenium.support.events.EventFiringWebDriver.lambda$new$0(EventFiringWebDriver.java:84)
	at org.openqa.selenium.support.events.EventFiringWebDriver$$Lambda$206/45023307.invoke(Unknown Source)
	at com.sun.proxy.$Proxy7.onException(Unknown Source)
	at org.openqa.selenium.support.events.EventFiringWebDriver.lambda$new$1(EventFiringWebDriver.java:107)
	at org.openqa.selenium.support.events.EventFiringWebDriver$$Lambda$207/20224131.invoke(Unknown Source)
	at com.sun.proxy.$Proxy8.getScreenshotAs(Unknown Source)
	at org.openqa.selenium.support.events.EventFiringWebDriver.getScreenshotAs(EventFiringWebDriver.java:302)
	at com.crm.qa.util.TestUtil.takeScreenshotAtEndOfTest(TestUtil.java:65)
	at com.crm.qa.util.WebEventListener.onException(WebEventListener.java:130)
	at org.openqa.selenium.support.events.EventFiringWebDriver.lambda$new$0(EventFiringWebDriver.java:84)
	at org.openqa.selenium.support.events.EventFiringWebDriver$$Lambda$206/45023307.invoke(Unknown Source)
	at com.sun.proxy.$Proxy7.onException(Unknown Source)
	at org.openqa.selenium.support.events.EventFiringWebDriver.lambda$new$1(EventFiringWebDriver.java:107)
	at org.openqa.selenium.support.events.EventFiringWebDriver$$Lambda$207/20224131.invoke(Unknown Source)
	at com.sun.proxy.$Proxy8.getScreenshotAs(Unknown Source)
	at org.openqa.selenium.support.events.EventFiringWebDriver.getScreenshotAs(EventFiringWebDriver.java:302)
	at com.crm.qa.util.TestUtil.takeScreenshotAtEndOfTest(TestUtil.java:65)
	at com.crm.qa.util.WebEventListener.onException(WebEventListener.java:130)
	at org.openqa.selenium.support.events.EventFiringWebDriver.lambda$new$0(EventFiringWebDriver.java:84)
	at org.openqa.selenium.support.events.EventFiringWebDriver$$Lambda$206/45023307.invoke(Unknown Source)
	at com.sun.proxy.$Proxy7.onException(Unknown Source)
	at org.openqa.selenium.support.events.EventFiringWebDriver.lambda$new$1(EventFiringWebDriver.java:107)
	at org.openqa.selenium.support.events.EventFiringWebDriver$$Lambda$207/20224131.invoke(Unknown Source)
	at com.sun.proxy.$Proxy8.getScreenshotAs(Unknown Source)
	at org.openqa.selenium.support.events.EventFiringWebDriver.getScreenshotAs(EventFiringWebDriver.java:302)
	at com.crm.qa.util.TestUtil.takeScreenshotAtEndOfTest(TestUtil.java:65)
	at com.crm.qa.util.WebEventListener.onException(WebEventListener.java:130)
	at org.openqa.selenium.support.events.EventFiringWebDriver.lambda$new$0(EventFiringWebDriver.java:84)
	at org.openqa.selenium.support.events.EventFiringWebDriver$$Lambda$206/45023307.invoke(Unknown Source)
	at com.sun.proxy.$Proxy7.onException(Unknown Source)
	at org.openqa.selenium.support.events.EventFiringWebDriver.lambda$new$1(EventFiringWebDriver.java:107)
	at org.openqa.selenium.support.events.EventFiringWebDriver$$Lambda$207/20224131.invoke(Unknown Source)
	at com.sun.proxy.$Proxy8.getScreenshotAs(Unknown Source)
	at org.openqa.selenium.support.events.EventFiringWebDriver.getScreenshotAs(EventFiringWebDriver.java:302)
	at com.crm.qa.util.TestUtil.takeScreenshotAtEndOfTest(TestUtil.java:65)
	at com.crm.qa.util.WebEventListener.onException(WebEventListener.java:130)
	at org.openqa.selenium.support.events.EventFiringWebDriver.lambda$new$0(EventFiringWebDriver.java:84)
	at org.openqa.selenium.support.events.EventFiringWebDriver$$Lambda$206/45023307.invoke(Unknown Source)
	at com.sun.proxy.$Proxy7.onException(Unknown Source)
	at org.openqa.selenium.support.events.EventFiringWebDriver.lambda$new$1(EventFiringWebDriver.java:107)
	at org.openqa.selenium.support.events.EventFiringWebDriver$$Lambda$207/20224131.invoke(Unknown Source)
	at com.sun.proxy.$Proxy8.getScreenshotAs(Unknown Source)
	at org.openqa.selenium.support.events.EventFiringWebDriver.getScreenshotAs(EventFiringWebDriver.java:302)
	at com.crm.qa.util.TestUtil.takeScreenshotAtEndOfTest(TestUtil.java:65)
	at com.crm.qa.util.WebEventListener.onException(WebEventListener.java:130)
	at org.openqa.selenium.support.events.EventFiringWebDriver.lambda$new$0(EventFiringWebDriver.java:84)
	at org.openqa.selenium.support.events.EventFiringWebDriver$$Lambda$206/45023307.invoke(Unknown Source)
	at com.sun.proxy.$Proxy7.onException(Unknown Source)
	at org.openqa.selenium.support.events.EventFiringWebDriver.lambda$new$1(EventFiringWebDriver.java:107)
	at org.openqa.selenium.support.events.EventFiringWebDriver$$Lambda$207/20224131.invoke(Unknown Source)
	at com.sun.proxy.$Proxy8.getScreenshotAs(Unknown Source)
	at org.openqa.selenium.support.events.EventFiringWebDriver.getScreenshotAs(EventFiringWebDriver.java:302)
	at com.crm.qa.util.TestUtil.takeScreenshotAtEndOfTest(TestUtil.java:65)
	at com.crm.qa.util.WebEventListener.onException(WebEventListener.java:130)
	at org.openqa.selenium.support.events.EventFiringWebDriver.lambda$new$0(EventFiringWebDriver.java:84)
	at org.openqa.selenium.support.events.EventFiringWebDriver$$Lambda$206/45023307.invoke(Unknown Source)
	at com.sun.proxy.$Proxy7.onException(Unknown Source)
	at org.openqa.selenium.support.events.EventFiringWebDriver.lambda$new$1(EventFiringWebDriver.java:107)
	at org.openqa.selenium.support.events.EventFiringWebDriver$$Lambda$207/20224131.invoke(Unknown Source)
	at com.sun.proxy.$Proxy8.getScreenshotAs(Unknown Source)
	at org.openqa.selenium.support.events.EventFiringWebDriver.getScreenshotAs(EventFiringWebDriver.java:302)
	at com.crm.qa.util.TestUtil.takeScreenshotAtEndOfTest(TestUtil.java:65)
	at com.crm.qa.util.WebEventListener.onException(WebEventListener.java:130)
	at org.openqa.selenium.support.events.EventFiringWebDriver.lambda$new$0(EventFiringWebDriver.java:84)
	at org.openqa.selenium.support.events.EventFiringWebDriver$$Lambda$206/45023307.invoke(Unknown Source)
	at com.sun.proxy.$Proxy7.onException(Unknown Source)
	at org.openqa.selenium.support.events.EventFiringWebDriver.lambda$new$1(EventFiringWebDriver.java:107)
	at org.openqa.selenium.support.events.EventFiringWebDriver$$Lambda$207/20224131.invoke(Unknown Source)
	at com.sun.proxy.$Proxy8.getScreenshotAs(Unknown Source)
	at org.openqa.selenium.support.events.EventFiringWebDriver.getScreenshotAs(EventFiringWebDriver.java:302)
	at com.crm.qa.util.TestUtil.takeScreenshotAtEndOfTest(TestUtil.java:65)
	at com.crm.qa.util.WebEventListener.onException(WebEventListener.java:130)
	at org.openqa.selenium.support.events.EventFiringWebDriver.lambda$new$0(EventFiringWebDriver.java:84)
	at org.openqa.selenium.support.events.EventFiringWebDriver$$Lambda$206/45023307.invoke(Unknown Source)
	at com.sun.proxy.$Proxy7.onException(Unknown Source)
	at org.openqa.selenium.support.events.EventFiringWebDriver.lambda$new$1(EventFiringWebDriver.java:107)
	at org.openqa.selenium.support.events.EventFiringWebDriver$$Lambda$207/20224131.invoke(Unknown Source)
	at com.sun.proxy.$Proxy8.getScreenshotAs(Unknown Source)
	at org.openqa.selenium.support.events.EventFiringWebDriver.getScreenshotAs(EventFiringWebDriver.java:302)
	at com.crm.qa.util.TestUtil.takeScreenshotAtEndOfTest(TestUtil.java:65)
	at com.crm.qa.util.WebEventListener.onException(WebEventListener.java:130)
	at org.openqa.selenium.support.events.EventFiringWebDriver.lambda$new$0(EventFiringWebDriver.java:84)
	at org.openqa.selenium.support.events.EventFiringWebDriver$$Lambda$206/45023307.invoke(Unknown Source)
	at com.sun.proxy.$Proxy7.onException(Unknown Source)
	at org.openqa.selenium.support.events.EventFiringWebDriver.lambda$new$1(EventFiringWebDriver.java:107)
	at org.openqa.selenium.support.events.EventFiringWebDriver$$Lambda$207/20224131.invoke(Unknown Source)
	at com.sun.proxy.$Proxy8.getScreenshotAs(Unknown Source)
	at org.openqa.selenium.support.events.EventFiringWebDriver.getScreenshotAs(EventFiringWebDriver.java:302)
	at com.crm.qa.util.TestUtil.takeScreenshotAtEndOfTest(TestUtil.java:65)
	at com.crm.qa.util.WebEventListener.onException(WebEventListener.java:130)
	at org.openqa.selenium.support.events.EventFiringWebDriver.lambda$new$0(EventFiringWebDriver.java:84)
	at org.openqa.selenium.support.events.EventFiringWebDriver$$Lambda$206/45023307.invoke(Unknown Source)
	at com.sun.proxy.$Proxy7.onException(Unknown Source)
	at org.openqa.selenium.support.events.EventFiringWebDriver.lambda$new$1(EventFiringWebDriver.java:107)
	at org.openqa.selenium.support.events.EventFiringWebDriver$$Lambda$207/20224131.invoke(Unknown Source)
	at com.sun.proxy.$Proxy8.getScreenshotAs(Unknown Source)
	at org.openqa.selenium.support.events.EventFiringWebDriver.getScreenshotAs(EventFiringWebDriver.java:302)
	at com.crm.qa.util.TestUtil.takeScreenshotAtEndOfTest(TestUtil.java:65)
	at com.crm.qa.util.WebEventListener.onException(WebEventListener.java:130)
	at org.openqa.selenium.support.events.EventFiringWebDriver.lambda$new$0(EventFiringWebDriver.java:84)
	at org.openqa.selenium.support.events.EventFiringWebDriver$$Lambda$206/45023307.invoke(Unknown Source)
	at com.sun.proxy.$Proxy7.onException(Unknown Source)
	at org.openqa.selenium.support.events.EventFiringWebDriver.lambda$new$1(EventFiringWebDriver.java:107)
	at org.openqa.selenium.support.events.EventFiringWebDriver$$Lambda$207/20224131.invoke(Unknown Source)
	at com.sun.proxy.$Proxy8.getScreenshotAs(Unknown Source)
	at org.openqa.selenium.support.events.EventFiringWebDriver.getScreenshotAs(EventFiringWebDriver.java:302)
	at com.crm.qa.util.TestUtil.takeScreenshotAtEndOfTest(TestUtil.java:65)
	at com.crm.qa.util.WebEventListener.onException(WebEventListener.java:130)
	at org.openqa.selenium.support.events.EventFiringWebDriver.lambda$new$0(EventFiringWebDriver.java:84)
	at org.openqa.selenium.support.events.EventFiringWebDriver$$Lambda$206/45023307.invoke(Unknown Source)
	at com.sun.proxy.$Proxy7.onException(Unknown Source)
	at org.openqa.selenium.support.events.EventFiringWebDriver.lambda$new$1(EventFiringWebDriver.java:107)
	at org.openqa.selenium.support.events.EventFiringWebDriver$$Lambda$207/20224131.invoke(Unknown Source)
	at com.sun.proxy.$Proxy8.getScreenshotAs(Unknown Source)
	at org.openqa.selenium.support.events.EventFiringWebDriver.getScreenshotAs(EventFiringWebDriver.java:302)
	at com.crm.qa.util.TestUtil.takeScreenshotAtEndOfTest(TestUtil.java:65)
	at com.crm.qa.util.WebEventListener.onException(WebEventListener.java:130)
	at org.openqa.selenium.support.events.EventFiringWebDriver.lambda$new$0(EventFiringWebDriver.java:84)
	at org.openqa.selenium.support.events.EventFiringWebDriver$$Lambda$206/45023307.invoke(Unknown Source)
	at com.sun.proxy.$Proxy7.onException(Unknown Source)
	at org.openqa.selenium.support.events.EventFiringWebDriver.lambda$new$1(EventFiringWebDriver.java:107)
	at org.openqa.selenium.support.events.EventFiringWebDriver$$Lambda$207/20224131.invoke(Unknown Source)
	at com.sun.proxy.$Proxy8.getScreenshotAs(Unknown Source)
	at org.openqa.selenium.support.events.EventFiringWebDriver.getScreenshotAs(EventFiringWebDriver.java:302)
	at com.crm.qa.util.TestUtil.takeScreenshotAtEndOfTest(TestUtil.java:65)
	at com.crm.qa.util.WebEventListener.onException(WebEventListener.java:130)
	at org.openqa.selenium.support.events.EventFiringWebDriver.lambda$new$0(EventFiringWebDriver.java:84)
	at org.openqa.selenium.support.events.EventFiringWebDriver$$Lambda$206/45023307.invoke(Unknown Source)
	at com.sun.proxy.$Proxy7.onException(Unknown Source)
	at org.openqa.selenium.support.events.EventFiringWebDriver.lambda$new$1(EventFiringWebDriver.java:107)
	at org.openqa.selenium.support.events.EventFiringWebDriver$$Lambda$207/20224131.invoke(Unknown Source)
	at com.sun.proxy.$Proxy8.getScreenshotAs(Unknown Source)
	at org.openqa.selenium.support.events.EventFiringWebDriver.getScreenshotAs(EventFiringWebDriver.java:302)
	at com.crm.qa.util.TestUtil.takeScreenshotAtEndOfTest(TestUtil.java:65)
	at com.crm.qa.util.WebEventListener.onException(WebEventListener.java:130)
	at org.openqa.selenium.support.events.EventFiringWebDriver.lambda$new$0(EventFiringWebDriver.java:84)
	at org.openqa.selenium.support.events.EventFiringWebDriver$$Lambda$206/45023307.invoke(Unknown Source)
	at com.sun.proxy.$Proxy7.onException(Unknown Source)
	at org.openqa.selenium.support.events.EventFiringWebDriver.lambda$new$1(EventFiringWebDriver.java:107)
	at org.openqa.selenium.support.events.EventFiringWebDriver$$Lambda$207/20224131.invoke(Unknown Source)
	at com.sun.proxy.$Proxy8.getScreenshotAs(Unknown Source)
	at org.openqa.selenium.support.events.EventFiringWebDriver.getScreenshotAs(EventFiringWebDriver.java:302)
	at com.crm.qa.util.TestUtil.takeScreenshotAtEndOfTest(TestUtil.java:65)
	at com.crm.qa.util.WebEventListener.onException(WebEventListener.java:130)
	at org.openqa.selenium.support.events.EventFiringWebDriver.lambda$new$0(EventFiringWebDriver.java:84)
	at org.openqa.selenium.support.events.EventFiringWebDriver$$Lambda$206/45023307.invoke(Unknown Source)
	at com.sun.proxy.$Proxy7.onException(Unknown Source)
	at org.openqa.selenium.support.events.EventFiringWebDriver.lambda$new$1(EventFiringWebDriver.java:107)
	at org.openqa.selenium.support.events.EventFiringWebDriver$$Lambda$207/20224131.invoke(Unknown Source)
	at com.sun.proxy.$Proxy8.getScreenshotAs(Unknown Source)
	at org.openqa.selenium.support.events.EventFiringWebDriver.getScreenshotAs(EventFiringWebDriver.java:302)
	at com.crm.qa.util.TestUtil.takeScreenshotAtEndOfTest(TestUtil.java:65)
	at com.crm.qa.util.WebEventListener.onException(WebEventListener.java:130)
	at org.openqa.selenium.support.events.EventFiringWebDriver.lambda$new$0(EventFiringWebDriver.java:84)
	at org.openqa.selenium.support.events.EventFiringWebDriver$$Lambda$206/45023307.invoke(Unknown Source)
	at com.sun.proxy.$Proxy7.onException(Unknown Source)
	at org.openqa.selenium.support.events.EventFiringWebDriver.lambda$new$1(EventFiringWebDriver.java:107)
	at org.openqa.selenium.support.events.EventFiringWebDriver$$Lambda$207/20224131.invoke(Unknown Source)
	at com.sun.proxy.$Proxy8.getScreenshotAs(Unknown Source)
	at org.openqa.selenium.support.events.EventFiringWebDriver.getScreenshotAs(EventFiringWebDriver.java:302)
	at com.crm.qa.util.TestUtil.takeScreenshotAtEndOfTest(TestUtil.java:65)
	at com.crm.qa.util.WebEventListener.onException(WebEventListener.java:130)
	at org.openqa.selenium.support.events.EventFiringWebDriver.lambda$new$0(EventFiringWebDriver.java:84)
	at org.openqa.selenium.support.events.EventFiringWebDriver$$Lambda$206/45023307.invoke(Unknown Source)
	at com.sun.proxy.$Proxy7.onException(Unknown Source)
	at org.openqa.selenium.support.events.EventFiringWebDriver.lambda$new$1(EventFiringWebDriver.java:107)
	at org.openqa.selenium.support.events.EventFiringWebDriver$$Lambda$207/20224131.invoke(Unknown Source)
	at com.sun.proxy.$Proxy8.getScreenshotAs(Unknown Source)
	at org.openqa.selenium.support.events.EventFiringWebDriver.getScreenshotAs(EventFiringWebDriver.java:302)
	at com.crm.qa.util.TestUtil.takeScreenshotAtEndOfTest(TestUtil.java:65)
	at com.crm.qa.util.WebEventListener.onException(WebEventListener.java:130)
	at org.openqa.selenium.support.events.EventFiringWebDriver.lambda$new$0(EventFiringWebDriver.java:84)
	at org.openqa.selenium.support.events.EventFiringWebDriver$$Lambda$206/45023307.invoke(Unknown Source)
	at com.sun.proxy.$Proxy7.onException(Unknown Source)
	at org.openqa.selenium.support.events.EventFiringWebDriver.lambda$new$1(EventFiringWebDriver.java:107)
	at org.openqa.selenium.support.events.EventFiringWebDriver$$Lambda$207/20224131.invoke(Unknown Source)
	at com.sun.proxy.$Proxy8.getScreenshotAs(Unknown Source)
	at org.openqa.selenium.support.events.EventFiringWebDriver.getScreenshotAs(EventFiringWebDriver.java:302)
	at com.crm.qa.util.TestUtil.takeScreenshotAtEndOfTest(TestUtil.java:65)
	at com.crm.qa.util.WebEventListener.onException(WebEventListener.java:130)
	at org.openqa.selenium.support.events.EventFiringWebDriver.lambda$new$0(EventFiringWebDriver.java:84)
	at org.openqa.selenium.support.events.EventFiringWebDriver$$Lambda$206/45023307.invoke(Unknown Source)
	at com.sun.proxy.$Proxy7.onException(Unknown Source)
	at org.openqa.selenium.support.events.EventFiringWebDriver.lambda$new$1(EventFiringWebDriver.java:107)
	at org.openqa.selenium.support.events.EventFiringWebDriver$$Lambda$207/20224131.invoke(Unknown Source)
	at com.sun.proxy.$Proxy8.getScreenshotAs(Unknown Source)
	at org.openqa.selenium.support.events.EventFiringWebDriver.getScreenshotAs(EventFiringWebDriver.java:302)
	at com.crm.qa.util.TestUtil.takeScreenshotAtEndOfTest(TestUtil.java:65)
	at com.crm.qa.util.WebEventListener.onException(WebEventListener.java:130)
	at org.openqa.selenium.support.events.EventFiringWebDriver.lambda$new$0(EventFiringWebDriver.java:84)
	at org.openqa.selenium.support.events.EventFiringWebDriver$$Lambda$206/45023307.invoke(Unknown Source)
	at com.sun.proxy.$Proxy7.onException(Unknown Source)
	at org.openqa.selenium.support.events.EventFiringWebDriver.lambda$new$1(EventFiringWebDriver.java:107)
	at org.openqa.selenium.support.events.EventFiringWebDriver$$Lambda$207/20224131.invoke(Unknown Source)
	at com.sun.proxy.$Proxy8.getScreenshotAs(Unknown Source)
	at org.openqa.selenium.support.events.EventFiringWebDriver.getScreenshotAs(EventFiringWebDriver.java:302)
	at com.crm.qa.util.TestUtil.takeScreenshotAtEndOfTest(TestUtil.java:65)
	at com.crm.qa.util.WebEventListener.onException(WebEventListener.java:130)
	at org.openqa.selenium.support.events.EventFiringWebDriver.lambda$new$0(EventFiringWebDriver.java:84)
	at org.openqa.selenium.support.events.EventFiringWebDriver$$Lambda$206/45023307.invoke(Unknown Source)
	at com.sun.proxy.$Proxy7.onException(Unknown Source)
	at org.openqa.selenium.support.events.EventFiringWebDriver.lambda$new$1(EventFiringWebDriver.java:107)
	at org.openqa.selenium.support.events.EventFiringWebDriver$$Lambda$207/20224131.invoke(Unknown Source)
	at com.sun.proxy.$Proxy8.getScreenshotAs(Unknown Source)
	at org.openqa.selenium.support.events.EventFiringWebDriver.getScreenshotAs(EventFiringWebDriver.java:302)
	at com.crm.qa.util.TestUtil.takeScreenshotAtEndOfTest(TestUtil.java:65)
	at com.crm.qa.util.WebEventListener.onException(WebEventListener.java:130)
	at org.openqa.selenium.support.events.EventFiringWebDriver.lambda$new$0(EventFiringWebDriver.java:84)
	at org.openqa.selenium.support.events.EventFiringWebDriver$$Lambda$206/45023307.invoke(Unknown Source)
	at com.sun.proxy.$Proxy7.onException(Unknown Source)
	at org.openqa.selenium.support.events.EventFiringWebDriver.lambda$new$1(EventFiringWebDriver.java:107)
	at org.openqa.selenium.support.events.EventFiringWebDriver$$Lambda$207/20224131.invoke(Unknown Source)
	at com.sun.proxy.$Proxy8.getScreenshotAs(Unknown Source)
	at org.openqa.selenium.support.events.EventFiringWebDriver.getScreenshotAs(EventFiringWebDriver.java:302)
	at com.crm.qa.util.TestUtil.takeScreenshotAtEndOfTest(TestUtil.java:65)
	at com.crm.qa.util.WebEventListener.onException(WebEventListener.java:130)
	at org.openqa.selenium.support.events.EventFiringWebDriver.lambda$new$0(EventFiringWebDriver.java:84)
	at org.openqa.selenium.support.events.EventFiringWebDriver$$Lambda$206/45023307.invoke(Unknown Source)
	at com.sun.proxy.$Proxy7.onException(Unknown Source)
	at org.openqa.selenium.support.events.EventFiringWebDriver.lambda$new$1(EventFiringWebDriver.java:107)
	at org.openqa.selenium.support.events.EventFiringWebDriver$$Lambda$207/20224131.invoke(Unknown Source)
	at com.sun.proxy.$Proxy8.getScreenshotAs(Unknown Source)
	at org.openqa.selenium.support.events.EventFiringWebDriver.getScreenshotAs(EventFiringWebDriver.java:302)
	at com.crm.qa.util.TestUtil.takeScreenshotAtEndOfTest(TestUtil.java:65)
	at com.crm.qa.util.WebEventListener.onException(WebEventListener.java:130)
	at org.openqa.selenium.support.events.EventFiringWebDriver.lambda$new$0(EventFiringWebDriver.java:84)
	at org.openqa.selenium.support.events.EventFiringWebDriver$$Lambda$206/45023307.invoke(Unknown Source)
	at com.sun.proxy.$Proxy7.onException(Unknown Source)
	at org.openqa.selenium.support.events.EventFiringWebDriver.lambda$new$1(EventFiringWebDriver.java:107)
	at org.openqa.selenium.support.events.EventFiringWebDriver$$Lambda$207/20224131.invoke(Unknown Source)
	at com.sun.proxy.$Proxy8.getScreenshotAs(Unknown Source)
	at org.openqa.selenium.support.events.EventFiringWebDriver.getScreenshotAs(EventFiringWebDriver.java:302)
	at com.crm.qa.util.TestUtil.takeScreenshotAtEndOfTest(TestUtil.java:65)
	at com.crm.qa.util.WebEventListener.onException(WebEventListener.java:130)
	at org.openqa.selenium.support.events.EventFiringWebDriver.lambda$new$0(EventFiringWebDriver.java:84)
	at org.openqa.selenium.support.events.EventFiringWebDriver$$Lambda$206/45023307.invoke(Unknown Source)
	at com.sun.proxy.$Proxy7.onException(Unknown Source)
	at org.openqa.selenium.support.events.EventFiringWebDriver.lambda$new$1(EventFiringWebDriver.java:107)
	at org.openqa.selenium.support.events.EventFiringWebDriver$$Lambda$207/20224131.invoke(Unknown Source)
	at com.sun.proxy.$Proxy8.getScreenshotAs(Unknown Source)
	at org.openqa.selenium.support.events.EventFiringWebDriver.getScreenshotAs(EventFiringWebDriver.java:302)
	at com.crm.qa.util.TestUtil.takeScreenshotAtEndOfTest(TestUtil.java:65)
	at com.crm.qa.util.WebEventListener.onException(WebEventListener.java:130)
	at org.openqa.selenium.support.events.EventFiringWebDriver.lambda$new$0(EventFiringWebDriver.java:84)
	at org.openqa.selenium.support.events.EventFiringWebDriver$$Lambda$206/45023307.invoke(Unknown Source)
	at com.sun.proxy.$Proxy7.onException(Unknown Source)
	at org.openqa.selenium.support.events.EventFiringWebDriver.lambda$new$1(EventFiringWebDriver.java:107)
	at org.openqa.selenium.support.events.EventFiringWebDriver$$Lambda$207/20224131.invoke(Unknown Source)
	at com.sun.proxy.$Proxy8.getScreenshotAs(Unknown Source)
	at org.openqa.selenium.support.events.EventFiringWebDriver.getScreenshotAs(EventFiringWebDriver.java:302)
	at com.crm.qa.util.TestUtil.takeScreenshotAtEndOfTest(TestUtil.java:65)
	at com.crm.qa.util.WebEventListener.onException(WebEventListener.java:130)
	at org.openqa.selenium.support.events.EventFiringWebDriver.lambda$new$0(EventFiringWebDriver.java:84)
	at org.openqa.selenium.support.events.EventFiringWebDriver$$Lambda$206/45023307.invoke(Unknown Source)
	at com.sun.proxy.$Proxy7.onException(Unknown Source)
	at org.openqa.selenium.support.events.EventFiringWebDriver.lambda$new$1(EventFiringWebDriver.java:107)
	at org.openqa.selenium.support.events.EventFiringWebDriver$$Lambda$207/20224131.invoke(Unknown Source)
	at com.sun.proxy.$Proxy8.getScreenshotAs(Unknown Source)
	at org.openqa.selenium.support.events.EventFiringWebDriver.getScreenshotAs(EventFiringWebDriver.java:302)
	at com.crm.qa.util.TestUtil.takeScreenshotAtEndOfTest(TestUtil.java:65)
	at com.crm.qa.util.WebEventListener.onException(WebEventListener.java:130)
	at org.openqa.selenium.support.events.EventFiringWebDriver.lambda$new$0(EventFiringWebDriver.java:84)
	at org.openqa.selenium.support.events.EventFiringWebDriver$$Lambda$206/45023307.invoke(Unknown Source)
	at com.sun.proxy.$Proxy7.onException(Unknown Source)
	at org.openqa.selenium.support.events.EventFiringWebDriver.lambda$new$1(EventFiringWebDriver.java:107)
	at org.openqa.selenium.support.events.EventFiringWebDriver$$Lambda$207/20224131.invoke(Unknown Source)
	at com.sun.proxy.$Proxy8.getScreenshotAs(Unknown Source)
	at org.openqa.selenium.support.events.EventFiringWebDriver.getScreenshotAs(EventFiringWebDriver.java:302)
	at com.crm.qa.util.TestUtil.takeScreenshotAtEndOfTest(TestUtil.java:65)
	at com.crm.qa.util.WebEventListener.onException(WebEventListener.java:130)
	at org.openqa.selenium.support.events.EventFiringWebDriver.lambda$new$0(EventFiringWebDriver.java:84)
	at org.openqa.selenium.support.events.EventFiringWebDriver$$Lambda$206/45023307.invoke(Unknown Source)
	at com.sun.proxy.$Proxy7.onException(Unknown Source)
	at org.openqa.selenium.support.events.EventFiringWebDriver.lambda$new$1(EventFiringWebDriver.java:107)
	at org.openqa.selenium.support.events.EventFiringWebDriver$$Lambda$207/20224131.invoke(Unknown Source)
	at com.sun.proxy.$Proxy8.getScreenshotAs(Unknown Source)
	at org.openqa.selenium.support.events.EventFiringWebDriver.getScreenshotAs(EventFiringWebDriver.java:302)
	at com.crm.qa.util.TestUtil.takeScreenshotAtEndOfTest(TestUtil.java:65)
	at com.crm.qa.util.WebEventListener.onException(WebEventListener.java:130)
	at org.openqa.selenium.support.events.EventFiringWebDriver.lambda$new$0(EventFiringWebDriver.java:84)
	at org.openqa.selenium.support.events.EventFiringWebDriver$$Lambda$206/45023307.invoke(Unknown Source)
	at com.sun.proxy.$Proxy7.onException(Unknown Source)
	at org.openqa.selenium.support.events.EventFiringWebDriver.lambda$new$1(EventFiringWebDriver.java:107)
	at org.openqa.selenium.support.events.EventFiringWebDriver$$Lambda$207/20224131.invoke(Unknown Source)
	at com.sun.proxy.$Proxy8.getScreenshotAs(Unknown Source)
	at org.openqa.selenium.support.events.EventFiringWebDriver.getScreenshotAs(EventFiringWebDriver.java:302)
	at com.crm.qa.util.TestUtil.takeScreenshotAtEndOfTest(TestUtil.java:65)
	at com.crm.qa.util.WebEventListener.onException(WebEventListener.java:130)
	at org.openqa.selenium.support.events.EventFiringWebDriver.lambda$new$0(EventFiringWebDriver.java:84)
	at org.openqa.selenium.support.events.EventFiringWebDriver$$Lambda$206/45023307.invoke(Unknown Source)
	at com.sun.proxy.$Proxy7.onException(Unknown Source)
	at org.openqa.selenium.support.events.EventFiringWebDriver.lambda$new$1(EventFiringWebDriver.java:107)
	at org.openqa.selenium.support.events.EventFiringWebDriver$$Lambda$207/20224131.invoke(Unknown Source)
	at com.sun.proxy.$Proxy8.getScreenshotAs(Unknown Source)
	at org.openqa.selenium.support.events.EventFiringWebDriver.getScreenshotAs(EventFiringWebDriver.java:302)
	at com.crm.qa.util.TestUtil.takeScreenshotAtEndOfTest(TestUtil.java:65)
	at com.crm.qa.util.WebEventListener.onException(WebEventListener.java:130)
	at org.openqa.selenium.support.events.EventFiringWebDriver.lambda$new$0(EventFiringWebDriver.java:84)
	at org.openqa.selenium.support.events.EventFiringWebDriver$$Lambda$206/45023307.invoke(Unknown Source)
	at com.sun.proxy.$Proxy7.onException(Unknown Source)
	at org.openqa.selenium.support.events.EventFiringWebDriver.lambda$new$1(EventFiringWebDriver.java:107)
	at org.openqa.selenium.support.events.EventFiringWebDriver$$Lambda$207/20224131.invoke(Unknown Source)
	at com.sun.proxy.$Proxy8.getScreenshotAs(Unknown Source)
	at org.openqa.selenium.support.events.EventFiringWebDriver.getScreenshotAs(EventFiringWebDriver.java:302)
	at com.crm.qa.util.TestUtil.takeScreenshotAtEndOfTest(TestUtil.java:65)
	at com.crm.qa.util.WebEventListener.onException(WebEventListener.java:130)
	at org.openqa.selenium.support.events.EventFiringWebDriver.lambda$new$0(EventFiringWebDriver.java:84)
	at org.openqa.selenium.support.events.EventFiringWebDriver$$Lambda$206/45023307.invoke(Unknown Source)
	at com.sun.proxy.$Proxy7.onException(Unknown Source)
	at org.openqa.selenium.support.events.EventFiringWebDriver.lambda$new$1(EventFiringWebDriver.java:107)
	at org.openqa.selenium.support.events.EventFiringWebDriver$$Lambda$207/20224131.invoke(Unknown Source)
	at com.sun.proxy.$Proxy8.getScreenshotAs(Unknown Source)
	at org.openqa.selenium.support.events.EventFiringWebDriver.getScreenshotAs(EventFiringWebDriver.java:302)
	at com.crm.qa.util.TestUtil.takeScreenshotAtEndOfTest(TestUtil.java:65)
	at com.crm.qa.util.WebEventListener.onException(WebEventListener.java:130)
	at org.openqa.selenium.support.events.EventFiringWebDriver.lambda$new$0(EventFiringWebDriver.java:84)
	at org.openqa.selenium.support.events.EventFiringWebDriver$$Lambda$206/45023307.invoke(Unknown Source)
	at com.sun.proxy.$Proxy7.onException(Unknown Source)
	at org.openqa.selenium.support.events.EventFiringWebDriver.lambda$new$1(EventFiringWebDriver.java:107)
	at org.openqa.selenium.support.events.EventFiringWebDriver$$Lambda$207/20224131.invoke(Unknown Source)
	at com.sun.proxy.$Proxy8.getScreenshotAs(Unknown Source)
	at org.openqa.selenium.support.events.EventFiringWebDriver.getScreenshotAs(EventFiringWebDriver.java:302)
	at com.crm.qa.util.TestUtil.takeScreenshotAtEndOfTest(TestUtil.java:65)
	at com.crm.qa.util.WebEventListener.onException(WebEventListener.java:130)
	at org.openqa.selenium.support.events.EventFiringWebDriver.lambda$new$0(EventFiringWebDriver.java:84)
	at org.openqa.selenium.support.events.EventFiringWebDriver$$Lambda$206/45023307.invoke(Unknown Source)
	at com.sun.proxy.$Proxy7.onException(Unknown Source)
	at org.openqa.selenium.support.events.EventFiringWebDriver.lambda$new$1(EventFiringWebDriver.java:107)
	at org.openqa.selenium.support.events.EventFiringWebDriver$$Lambda$207/20224131.invoke(Unknown Source)
	at com.sun.proxy.$Proxy8.getScreenshotAs(Unknown Source)
	at org.openqa.selenium.support.events.EventFiringWebDriver.getScreenshotAs(EventFiringWebDriver.java:302)
	at com.crm.qa.util.TestUtil.takeScreenshotAtEndOfTest(TestUtil.java:65)
	at com.crm.qa.util.WebEventListener.onException(WebEventListener.java:130)
	at org.openqa.selenium.support.events.EventFiringWebDriver.lambda$new$0(EventFiringWebDriver.java:84)
	at org.openqa.selenium.support.events.EventFiringWebDriver$$Lambda$206/45023307.invoke(Unknown Source)
	at com.sun.proxy.$Proxy7.onException(Unknown Source)
	at org.openqa.selenium.support.events.EventFiringWebDriver.lambda$new$1(EventFiringWebDriver.java:107)
	at org.openqa.selenium.support.events.EventFiringWebDriver$$Lambda$207/20224131.invoke(Unknown Source)
	at com.sun.proxy.$Proxy8.getScreenshotAs(Unknown Source)
	at org.openqa.selenium.support.events.EventFiringWebDriver.getScreenshotAs(EventFiringWebDriver.java:302)
	at com.crm.qa.util.TestUtil.takeScreenshotAtEndOfTest(TestUtil.java:65)
	at com.crm.qa.util.WebEventListener.onException(WebEventListener.java:130)
	at org.openqa.selenium.support.events.EventFiringWebDriver.lambda$new$0(EventFiringWebDriver.java:84)
	at org.openqa.selenium.support.events.EventFiringWebDriver$$Lambda$206/45023307.invoke(Unknown Source)
	at com.sun.proxy.$Proxy7.onException(Unknown Source)
	at org.openqa.selenium.support.events.EventFiringWebDriver.lambda$new$1(EventFiringWebDriver.java:107)
	at org.openqa.selenium.support.events.EventFiringWebDriver$$Lambda$207/20224131.invoke(Unknown Source)
	at com.sun.proxy.$Proxy8.getScreenshotAs(Unknown Source)
	at org.openqa.selenium.support.events.EventFiringWebDriver.getScreenshotAs(EventFiringWebDriver.java:302)
	at com.crm.qa.util.TestUtil.takeScreenshotAtEndOfTest(TestUtil.java:65)
	at com.crm.qa.util.WebEventListener.onException(WebEventListener.java:130)
	at org.openqa.selenium.support.events.EventFiringWebDriver.lambda$new$0(EventFiringWebDriver.java:84)
	at org.openqa.selenium.support.events.EventFiringWebDriver$$Lambda$206/45023307.invoke(Unknown Source)
	at com.sun.proxy.$Proxy7.onException(Unknown Source)
	at org.openqa.selenium.support.events.EventFiringWebDriver.lambda$new$1(EventFiringWebDriver.java:107)
	at org.openqa.selenium.support.events.EventFiringWebDriver$$Lambda$207/20224131.invoke(Unknown Source)
	at com.sun.proxy.$Proxy8.getScreenshotAs(Unknown Source)
	at org.openqa.selenium.support.events.EventFiringWebDriver.getScreenshotAs(EventFiringWebDriver.java:302)
	at com.crm.qa.util.TestUtil.takeScreenshotAtEndOfTest(TestUtil.java:65)
	at com.crm.qa.util.WebEventListener.onException(WebEventListener.java:130)
	at org.openqa.selenium.support.events.EventFiringWebDriver.lambda$new$0(EventFiringWebDriver.java:84)
	at org.openqa.selenium.support.events.EventFiringWebDriver$$Lambda$206/45023307.invoke(Unknown Source)
	at com.sun.proxy.$Proxy7.onException(Unknown Source)
	at org.openqa.selenium.support.events.EventFiringWebDriver.lambda$new$1(EventFiringWebDriver.java:107)
	at org.openqa.selenium.support.events.EventFiringWebDriver$$Lambda$207/20224131.invoke(Unknown Source)
	at com.sun.proxy.$Proxy8.getScreenshotAs(Unknown Source)
	at org.openqa.selenium.support.events.EventFiringWebDriver.getScreenshotAs(EventFiringWebDriver.java:302)
	at com.crm.qa.util.TestUtil.takeScreenshotAtEndOfTest(TestUtil.java:65)
	at com.crm.qa.util.WebEventListener.onException(WebEventListener.java:130)
	at org.openqa.selenium.support.events.EventFiringWebDriver.lambda$new$0(EventFiringWebDriver.java:84)
	at org.openqa.selenium.support.events.EventFiringWebDriver$$Lambda$206/45023307.invoke(Unknown Source)
	at com.sun.proxy.$Proxy7.onException(Unknown Source)
	at org.openqa.selenium.support.events.EventFiringWebDriver.lambda$new$1(EventFiringWebDriver.java:107)
	at org.openqa.selenium.support.events.EventFiringWebDriver$$Lambda$207/20224131.invoke(Unknown Source)
	at com.sun.proxy.$Proxy8.getScreenshotAs(Unknown Source)
	at org.openqa.selenium.support.events.EventFiringWebDriver.getScreenshotAs(EventFiringWebDriver.java:302)
	at com.crm.qa.util.TestUtil.takeScreenshotAtEndOfTest(TestUtil.java:65)
	at com.crm.qa.util.WebEventListener.onException(WebEventListener.java:130)
	at org.openqa.selenium.support.events.EventFiringWebDriver.lambda$new$0(EventFiringWebDriver.java:84)
	at org.openqa.selenium.support.events.EventFiringWebDriver$$Lambda$206/45023307.invoke(Unknown Source)
	at com.sun.proxy.$Proxy7.onException(Unknown Source)
	at org.openqa.selenium.support.events.EventFiringWebDriver.lambda$new$1(EventFiringWebDriver.java:107)
	at org.openqa.selenium.support.events.EventFiringWebDriver$$Lambda$207/20224131.invoke(Unknown Source)
	at com.sun.proxy.$Proxy8.getScreenshotAs(Unknown Source)
	at org.openqa.selenium.support.events.EventFiringWebDriver.getScreenshotAs(EventFiringWebDriver.java:302)
	at com.crm.qa.util.TestUtil.takeScreenshotAtEndOfTest(TestUtil.java:65)
	at com.crm.qa.util.WebEventListener.onException(WebEventListener.java:130)
	at org.openqa.selenium.support.events.EventFiringWebDriver.lambda$new$0(EventFiringWebDriver.java:84)
	at org.openqa.selenium.support.events.EventFiringWebDriver$$Lambda$206/45023307.invoke(Unknown Source)
	at com.sun.proxy.$Proxy7.onException(Unknown Source)
	at org.openqa.selenium.support.events.EventFiringWebDriver.lambda$new$1(EventFiringWebDriver.java:107)
	at org.openqa.selenium.support.events.EventFiringWebDriver$$Lambda$207/20224131.invoke(Unknown Source)
	at com.sun.proxy.$Proxy8.getScreenshotAs(Unknown Source)
	at org.openqa.selenium.support.events.EventFiringWebDriver.getScreenshotAs(EventFiringWebDriver.java:302)
	at com.crm.qa.util.TestUtil.takeScreenshotAtEndOfTest(TestUtil.java:65)
	at com.crm.qa.util.WebEventListener.onException(WebEventListener.java:130)
	at org.openqa.selenium.support.events.EventFiringWebDriver.lambda$new$0(EventFiringWebDriver.java:84)
	at org.openqa.selenium.support.events.EventFiringWebDriver$$Lambda$206/45023307.invoke(Unknown Source)
	at com.sun.proxy.$Proxy7.onException(Unknown Source)
	at org.openqa.selenium.support.events.EventFiringWebDriver.lambda$new$1(EventFiringWebDriver.java:107)
	at org.openqa.selenium.support.events.EventFiringWebDriver$$Lambda$207/20224131.invoke(Unknown Source)
	at com.sun.proxy.$Proxy8.getScreenshotAs(Unknown Source)
	at org.openqa.selenium.support.events.EventFiringWebDriver.getScreenshotAs(EventFiringWebDriver.java:302)
	at com.crm.qa.util.TestUtil.takeScreenshotAtEndOfTest(TestUtil.java:65)
	at com.crm.qa.util.WebEventListener.onException(WebEventListener.java:130)
	at org.openqa.selenium.support.events.EventFiringWebDriver.lambda$new$0(EventFiringWebDriver.java:84)
	at org.openqa.selenium.support.events.EventFiringWebDriver$$Lambda$206/45023307.invoke(Unknown Source)
	at com.sun.proxy.$Proxy7.onException(Unknown Source)
	at org.openqa.selenium.support.events.EventFiringWebDriver.lambda$new$1(EventFiringWebDriver.java:107)
	at org.openqa.selenium.support.events.EventFiringWebDriver$$Lambda$207/20224131.invoke(Unknown Source)
	at com.sun.proxy.$Proxy8.getScreenshotAs(Unknown Source)
	at org.openqa.selenium.support.events.EventFiringWebDriver.getScreenshotAs(EventFiringWebDriver.java:302)
	at com.crm.qa.util.TestUtil.takeScreenshotAtEndOfTest(TestUtil.java:65)
	at com.crm.qa.util.WebEventListener.onException(WebEventListener.java:130)
	at org.openqa.selenium.support.events.EventFiringWebDriver.lambda$new$0(EventFiringWebDriver.java:84)
	at org.openqa.selenium.support.events.EventFiringWebDriver$$Lambda$206/45023307.invoke(Unknown Source)
	at com.sun.proxy.$Proxy7.onException(Unknown Source)
	at org.openqa.selenium.support.events.EventFiringWebDriver.lambda$new$1(EventFiringWebDriver.java:107)
	at org.openqa.selenium.support.events.EventFiringWebDriver$$Lambda$207/20224131.invoke(Unknown Source)
	at com.sun.proxy.$Proxy8.getScreenshotAs(Unknown Source)
	at org.openqa.selenium.support.events.EventFiringWebDriver.getScreenshotAs(EventFiringWebDriver.java:302)
	at com.crm.qa.util.TestUtil.takeScreenshotAtEndOfTest(TestUtil.java:65)
	at com.crm.qa.util.WebEventListener.onException(WebEventListener.java:130)
	at org.openqa.selenium.support.events.EventFiringWebDriver.lambda$new$0(EventFiringWebDriver.java:84)
	at org.openqa.selenium.support.events.EventFiringWebDriver$$Lambda$206/45023307.invoke(Unknown Source)
	at com.sun.proxy.$Proxy7.onException(Unknown Source)
	at org.openqa.selenium.support.events.EventFiringWebDriver.lambda$new$1(EventFiringWebDriver.java:107)
	at org.openqa.selenium.support.events.EventFiringWebDriver$$Lambda$207/20224131.invoke(Unknown Source)
	at com.sun.proxy.$Proxy8.getScreenshotAs(Unknown Source)
	at org.openqa.selenium.support.events.EventFiringWebDriver.getScreenshotAs(EventFiringWebDriver.java:302)
	at com.crm.qa.util.TestUtil.takeScreenshotAtEndOfTest(TestUtil.java:65)
	at com.crm.qa.util.WebEventListener.onException(WebEventListener.java:130)
	at org.openqa.selenium.support.events.EventFiringWebDriver.lambda$new$0(EventFiringWebDriver.java:84)
	at org.openqa.selenium.support.events.EventFiringWebDriver$$Lambda$206/45023307.invoke(Unknown Source)
	at com.sun.proxy.$Proxy7.onException(Unknown Source)
	at org.openqa.selenium.support.events.EventFiringWebDriver.lambda$new$1(EventFiringWebDriver.java:107)
	at org.openqa.selenium.support.events.EventFiringWebDriver$$Lambda$207/20224131.invoke(Unknown Source)
	at com.sun.proxy.$Proxy8.getScreenshotAs(Unknown Source)
	at org.openqa.selenium.support.events.EventFiringWebDriver.getScreenshotAs(EventFiringWebDriver.java:302)
	at com.crm.qa.util.TestUtil.takeScreenshotAtEndOfTest(TestUtil.java:65)
	at com.crm.qa.util.WebEventListener.onException(WebEventListener.java:130)
	at org.openqa.selenium.support.events.EventFiringWebDriver.lambda$new$0(EventFiringWebDriver.java:84)
	at org.openqa.selenium.support.events.EventFiringWebDriver$$Lambda$206/45023307.invoke(Unknown Source)
	at com.sun.proxy.$Proxy7.onException(Unknown Source)
	at org.openqa.selenium.support.events.EventFiringWebDriver.lambda$new$1(EventFiringWebDriver.java:107)
	at org.openqa.selenium.support.events.EventFiringWebDriver$$Lambda$207/20224131.invoke(Unknown Source)
	at com.sun.proxy.$Proxy8.getScreenshotAs(Unknown Source)
	at org.openqa.selenium.support.events.EventFiringWebDriver.getScreenshotAs(EventFiringWebDriver.java:302)
	at com.crm.qa.util.TestUtil.takeScreenshotAtEndOfTest(TestUtil.java:65)
	at com.crm.qa.util.WebEventListener.onException(WebEventListener.java:130)
	at org.openqa.selenium.support.events.EventFiringWebDriver.lambda$new$0(EventFiringWebDriver.java:84)
	at org.openqa.selenium.support.events.EventFiringWebDriver$$Lambda$206/45023307.invoke(Unknown Source)
	at com.sun.proxy.$Proxy7.onException(Unknown Source)
	at org.openqa.selenium.support.events.EventFiringWebDriver.lambda$new$1(EventFiringWebDriver.java:107)
	at org.openqa.selenium.support.events.EventFiringWebDriver$$Lambda$207/20224131.invoke(Unknown Source)
	at com.sun.proxy.$Proxy8.getScreenshotAs(Unknown Source)
	at org.openqa.selenium.support.events.EventFiringWebDriver.getScreenshotAs(EventFiringWebDriver.java:302)
	at com.crm.qa.util.TestUtil.takeScreenshotAtEndOfTest(TestUtil.java:65)
	at com.crm.qa.util.WebEventListener.onException(WebEventListener.java:130)
	at org.openqa.selenium.support.events.EventFiringWebDriver.lambda$new$0(EventFiringWebDriver.java:84)
	at org.openqa.selenium.support.events.EventFiringWebDriver$$Lambda$206/45023307.invoke(Unknown Source)
	at com.sun.proxy.$Proxy7.onException(Unknown Source)
	at org.openqa.selenium.support.events.EventFiringWebDriver.lambda$new$1(EventFiringWebDriver.java:107)
	at org.openqa.selenium.support.events.EventFiringWebDriver$$Lambda$207/20224131.invoke(Unknown Source)
	at com.sun.proxy.$Proxy8.getScreenshotAs(Unknown Source)
	at org.openqa.selenium.support.events.EventFiringWebDriver.getScreenshotAs(EventFiringWebDriver.java:302)
	at com.crm.qa.util.TestUtil.takeScreenshotAtEndOfTest(TestUtil.java:65)
	at com.crm.qa.util.WebEventListener.onException(WebEventListener.java:130)
	at org.openqa.selenium.support.events.EventFiringWebDriver.lambda$new$0(EventFiringWebDriver.java:84)
	at org.openqa.selenium.support.events.EventFiringWebDriver$$Lambda$206/45023307.invoke(Unknown Source)
	at com.sun.proxy.$Proxy7.onException(Unknown Source)
	at org.openqa.selenium.support.events.EventFiringWebDriver.lambda$new$1(EventFiringWebDriver.java:107)
	at org.openqa.selenium.support.events.EventFiringWebDriver$$Lambda$207/20224131.invoke(Unknown Source)
	at com.sun.proxy.$Proxy8.getScreenshotAs(Unknown Source)
	at org.openqa.selenium.support.events.EventFiringWebDriver.getScreenshotAs(EventFiringWebDriver.java:302)
	at com.crm.qa.util.TestUtil.takeScreenshotAtEndOfTest(TestUtil.java:65)
	at com.crm.qa.util.WebEventListener.onException(WebEventListener.java:130)
	at org.openqa.selenium.support.events.EventFiringWebDriver.lambda$new$0(EventFiringWebDriver.java:84)
	at org.openqa.selenium.support.events.EventFiringWebDriver$$Lambda$206/45023307.invoke(Unknown Source)
	at com.sun.proxy.$Proxy7.onException(Unknown Source)
	at org.openqa.selenium.support.events.EventFiringWebDriver.lambda$new$1(EventFiringWebDriver.java:107)
	at org.openqa.selenium.support.events.EventFiringWebDriver$$Lambda$207/20224131.invoke(Unknown Source)
	at com.sun.proxy.$Proxy8.getScreenshotAs(Unknown Source)
	at org.openqa.selenium.support.events.EventFiringWebDriver.getScreenshotAs(EventFiringWebDriver.java:302)
	at com.crm.qa.util.TestUtil.takeScreenshotAtEndOfTest(TestUtil.java:65)
	at com.crm.qa.util.WebEventListener.onException(WebEventListener.java:130)
	at org.openqa.selenium.support.events.EventFiringWebDriver.lambda$new$0(EventFiringWebDriver.java:84)
	at org.openqa.selenium.support.events.EventFiringWebDriver$$Lambda$206/45023307.invoke(Unknown Source)
	at com.sun.proxy.$Proxy7.onException(Unknown Source)
	at org.openqa.selenium.support.events.EventFiringWebDriver.lambda$new$1(EventFiringWebDriver.java:107)
	at org.openqa.selenium.support.events.EventFiringWebDriver$$Lambda$207/20224131.invoke(Unknown Source)
	at com.sun.proxy.$Proxy8.getScreenshotAs(Unknown Source)
	at org.openqa.selenium.support.events.EventFiringWebDriver.getScreenshotAs(EventFiringWebDriver.java:302)
	at com.crm.qa.util.TestUtil.takeScreenshotAtEndOfTest(TestUtil.java:65)
	at com.crm.qa.util.WebEventListener.onException(WebEventListener.java:130)
	at org.openqa.selenium.support.events.EventFiringWebDriver.lambda$new$0(EventFiringWebDriver.java:84)
	at org.openqa.selenium.support.events.EventFiringWebDriver$$Lambda$206/45023307.invoke(Unknown Source)
	at com.sun.proxy.$Proxy7.onException(Unknown Source)
	at org.openqa.selenium.support.events.EventFiringWebDriver.lambda$new$1(EventFiringWebDriver.java:107)
	at org.openqa.selenium.support.events.EventFiringWebDriver$$Lambda$207/20224131.invoke(Unknown Source)
	at com.sun.proxy.$Proxy8.getScreenshotAs(Unknown Source)
	at org.openqa.selenium.support.events.EventFiringWebDriver.getScreenshotAs(EventFiringWebDriver.java:302)
	at com.crm.qa.util.TestUtil.takeScreenshotAtEndOfTest(TestUtil.java:65)
	at com.crm.qa.util.WebEventListener.onException(WebEventListener.java:130)
	at org.openqa.selenium.support.events.EventFiringWebDriver.lambda$new$0(EventFiringWebDriver.java:84)
	at org.openqa.selenium.support.events.EventFiringWebDriver$$Lambda$206/45023307.invoke(Unknown Source)
	at com.sun.proxy.$Proxy7.onException(Unknown Source)
	at org.openqa.selenium.support.events.EventFiringWebDriver.lambda$new$1(EventFiringWebDriver.java:107)
	at org.openqa.selenium.support.events.EventFiringWebDriver$$Lambda$207/20224131.invoke(Unknown Source)
	at com.sun.proxy.$Proxy8.getScreenshotAs(Unknown Source)
	at org.openqa.selenium.support.events.EventFiringWebDriver.getScreenshotAs(EventFiringWebDriver.java:302)
	at com.crm.qa.util.TestUtil.takeScreenshotAtEndOfTest(TestUtil.java:65)
	at com.crm.qa.util.WebEventListener.onException(WebEventListener.java:130)
	at org.openqa.selenium.support.events.EventFiringWebDriver.lambda$new$0(EventFiringWebDriver.java:84)
	at org.openqa.selenium.support.events.EventFiringWebDriver$$Lambda$206/45023307.invoke(Unknown Source)
	at com.sun.proxy.$Proxy7.onException(Unknown Source)
	at org.openqa.selenium.support.events.EventFiringWebDriver.lambda$new$1(EventFiringWebDriver.java:107)
	at org.openqa.selenium.support.events.EventFiringWebDriver$$Lambda$207/20224131.invoke(Unknown Source)
	at com.sun.proxy.$Proxy8.getScreenshotAs(Unknown Source)
	at org.openqa.selenium.support.events.EventFiringWebDriver.getScreenshotAs(EventFiringWebDriver.java:302)
	at com.crm.qa.util.TestUtil.takeScreenshotAtEndOfTest(TestUtil.java:65)
	at com.crm.qa.util.WebEventListener.onException(WebEventListener.java:130)
	at org.openqa.selenium.support.events.EventFiringWebDriver.lambda$new$0(EventFiringWebDriver.java:84)
	at org.openqa.selenium.support.events.EventFiringWebDriver$$Lambda$206/45023307.invoke(Unknown Source)
	at com.sun.proxy.$Proxy7.onException(Unknown Source)
	at org.openqa.selenium.support.events.EventFiringWebDriver.lambda$new$1(EventFiringWebDriver.java:107)
	at org.openqa.selenium.support.events.EventFiringWebDriver$$Lambda$207/20224131.invoke(Unknown Source)
	at com.sun.proxy.$Proxy8.getScreenshotAs(Unknown Source)
	at org.openqa.selenium.support.events.EventFiringWebDriver.getScreenshotAs(EventFiringWebDriver.java:302)
	at com.crm.qa.util.TestUtil.takeScreenshotAtEndOfTest(TestUtil.java:65)
	at com.crm.qa.util.WebEventListener.onException(WebEventListener.java:130)
	at org.openqa.selenium.support.events.EventFiringWebDriver.lambda$new$0(EventFiringWebDriver.java:84)
	at org.openqa.selenium.support.events.EventFiringWebDriver$$Lambda$206/45023307.invoke(Unknown Source)
	at com.sun.proxy.$Proxy7.onException(Unknown Source)
	at org.openqa.selenium.support.events.EventFiringWebDriver.lambda$new$1(EventFiringWebDriver.java:107)
	at org.openqa.selenium.support.events.EventFiringWebDriver$$Lambda$207/20224131.invoke(Unknown Source)
	at com.sun.proxy.$Proxy8.getScreenshotAs(Unknown Source)
	at org.openqa.selenium.support.events.EventFiringWebDriver.getScreenshotAs(EventFiringWebDriver.java:302)
	at com.crm.qa.util.TestUtil.takeScreenshotAtEndOfTest(TestUtil.java:65)
	at com.crm.qa.util.WebEventListener.onException(WebEventListener.java:130)
	at org.openqa.selenium.support.events.EventFiringWebDriver.lambda$new$0(EventFiringWebDriver.java:84)
	at org.openqa.selenium.support.events.EventFiringWebDriver$$Lambda$206/45023307.invoke(Unknown Source)
	at com.sun.proxy.$Proxy7.onException(Unknown Source)
	at org.openqa.selenium.support.events.EventFiringWebDriver.lambda$new$1(EventFiringWebDriver.java:107)
	at org.openqa.selenium.support.events.EventFiringWebDriver$$Lambda$207/20224131.invoke(Unknown Source)
	at com.sun.proxy.$Proxy8.getScreenshotAs(Unknown Source)
	at org.openqa.selenium.support.events.EventFiringWebDriver.getScreenshotAs(EventFiringWebDriver.java:302)
	at com.crm.qa.util.TestUtil.takeScreenshotAtEndOfTest(TestUtil.java:65)
	at com.crm.qa.util.WebEventListener.onException(WebEventListener.java:130)
	at org.openqa.selenium.support.events.EventFiringWebDriver.lambda$new$0(EventFiringWebDriver.java:84)
	at org.openqa.selenium.support.events.EventFiringWebDriver$$Lambda$206/45023307.invoke(Unknown Source)
	at com.sun.proxy.$Proxy7.onException(Unknown Source)
	at org.openqa.selenium.support.events.EventFiringWebDriver.lambda$new$1(EventFiringWebDriver.java:107)
	at org.openqa.selenium.support.events.EventFiringWebDriver$$Lambda$207/20224131.invoke(Unknown Source)
	at com.sun.proxy.$Proxy8.getScreenshotAs(Unknown Source)
	at org.openqa.selenium.support.events.EventFiringWebDriver.getScreenshotAs(EventFiringWebDriver.java:302)
	at com.crm.qa.util.TestUtil.takeScreenshotAtEndOfTest(TestUtil.java:65)
	at com.crm.qa.util.WebEventListener.onException(WebEventListener.java:130)
	at org.openqa.selenium.support.events.EventFiringWebDriver.lambda$new$0(EventFiringWebDriver.java:84)
	at org.openqa.selenium.support.events.EventFiringWebDriver$$Lambda$206/45023307.invoke(Unknown Source)
	at com.sun.proxy.$Proxy7.onException(Unknown Source)
	at org.openqa.selenium.support.events.EventFiringWebDriver.lambda$new$1(EventFiringWebDriver.java:107)
	at org.openqa.selenium.support.events.EventFiringWebDriver$$Lambda$207/20224131.invoke(Unknown Source)
	at com.sun.proxy.$Proxy8.getScreenshotAs(Unknown Source)
	at org.openqa.selenium.support.events.EventFiringWebDriver.getScreenshotAs(EventFiringWebDriver.java:302)
	at com.crm.qa.util.TestUtil.takeScreenshotAtEndOfTest(TestUtil.java:65)
	at com.crm.qa.util.WebEventListener.onException(WebEventListener.java:130)
	at org.openqa.selenium.support.events.EventFiringWebDriver.lambda$new$0(EventFiringWebDriver.java:84)
	at org.openqa.selenium.support.events.EventFiringWebDriver$$Lambda$206/45023307.invoke(Unknown Source)
	at com.sun.proxy.$Proxy7.onException(Unknown Source)
	at org.openqa.selenium.support.events.EventFiringWebDriver.lambda$new$1(EventFiringWebDriver.java:107)
	at org.openqa.selenium.support.events.EventFiringWebDriver$$Lambda$207/20224131.invoke(Unknown Source)
	at com.sun.proxy.$Proxy8.getScreenshotAs(Unknown Source)
	at org.openqa.selenium.support.events.EventFiringWebDriver.getScreenshotAs(EventFiringWebDriver.java:302)
	at com.crm.qa.util.TestUtil.takeScreenshotAtEndOfTest(TestUtil.java:65)
	at com.crm.qa.util.WebEventListener.onException(WebEventListener.java:130)
	at org.openqa.selenium.support.events.EventFiringWebDriver.lambda$new$0(EventFiringWebDriver.java:84)
	at org.openqa.selenium.support.events.EventFiringWebDriver$$Lambda$206/45023307.invoke(Unknown Source)
	at com.sun.proxy.$Proxy7.onException(Unknown Source)
	at org.openqa.selenium.support.events.EventFiringWebDriver.lambda$new$1(EventFiringWebDriver.java:107)
	at org.openqa.selenium.support.events.EventFiringWebDriver$$Lambda$207/20224131.invoke(Unknown Source)
	at com.sun.proxy.$Proxy8.getScreenshotAs(Unknown Source)
	at org.openqa.selenium.support.events.EventFiringWebDriver.getScreenshotAs(EventFiringWebDriver.java:302)
	at com.crm.qa.util.TestUtil.takeScreenshotAtEndOfTest(TestUtil.java:65)
	at com.crm.qa.util.WebEventListener.onException(WebEventListener.java:130)
	at org.openqa.selenium.support.events.EventFiringWebDriver.lambda$new$0(EventFiringWebDriver.java:84)
	at org.openqa.selenium.support.events.EventFiringWebDriver$$Lambda$206/45023307.invoke(Unknown Source)
	at com.sun.proxy.$Proxy7.onException(Unknown Source)
	at org.openqa.selenium.support.events.EventFiringWebDriver.lambda$new$1(EventFiringWebDriver.java:107)
	at org.openqa.selenium.support.events.EventFiringWebDriver$$Lambda$207/20224131.invoke(Unknown Source)
	at com.sun.proxy.$Proxy8.getScreenshotAs(Unknown Source)
	at org.openqa.selenium.support.events.EventFiringWebDriver.getScreenshotAs(EventFiringWebDriver.java:302)
	at com.crm.qa.util.TestUtil.takeScreenshotAtEndOfTest(TestUtil.java:65)
	at com.crm.qa.util.WebEventListener.onException(WebEventListener.java:130)
	at org.openqa.selenium.support.events.EventFiringWebDriver.lambda$new$0(EventFiringWebDriver.java:84)
	at org.openqa.selenium.support.events.EventFiringWebDriver$$Lambda$206/45023307.invoke(Unknown Source)
	at com.sun.proxy.$Proxy7.onException(Unknown Source)
	at org.openqa.selenium.support.events.EventFiringWebDriver.lambda$new$1(EventFiringWebDriver.java:107)
	at org.openqa.selenium.support.events.EventFiringWebDriver$$Lambda$207/20224131.invoke(Unknown Source)
	at com.sun.proxy.$Proxy8.getScreenshotAs(Unknown Source)
	at org.openqa.selenium.support.events.EventFiringWebDriver.getScreenshotAs(EventFiringWebDriver.java:302)
	at com.crm.qa.util.TestUtil.takeScreenshotAtEndOfTest(TestUtil.java:65)
	at com.crm.qa.util.WebEventListener.onException(WebEventListener.java:130)
	at org.openqa.selenium.support.events.EventFiringWebDriver.lambda$new$0(EventFiringWebDriver.java:84)
	at org.openqa.selenium.support.events.EventFiringWebDriver$$Lambda$206/45023307.invoke(Unknown Source)
	at com.sun.proxy.$Proxy7.onException(Unknown Source)
	at org.openqa.selenium.support.events.EventFiringWebDriver.lambda$new$1(EventFiringWebDriver.java:107)
	at org.openqa.selenium.support.events.EventFiringWebDriver$$Lambda$207/20224131.invoke(Unknown Source)
	at com.sun.proxy.$Proxy8.getScreenshotAs(Unknown Source)
	at org.openqa.selenium.support.events.EventFiringWebDriver.getScreenshotAs(EventFiringWebDriver.java:302)
	at com.crm.qa.util.TestUtil.takeScreenshotAtEndOfTest(TestUtil.java:65)
	at com.crm.qa.util.WebEventListener.onException(WebEventListener.java:130)
	at org.openqa.selenium.support.events.EventFiringWebDriver.lambda$new$0(EventFiringWebDriver.java:84)
	at org.openqa.selenium.support.events.EventFiringWebDriver$$Lambda$206/45023307.invoke(Unknown Source)
	at com.sun.proxy.$Proxy7.onException(Unknown Source)
	at org.openqa.selenium.support.events.EventFiringWebDriver.lambda$new$1(EventFiringWebDriver.java:107)
	at org.openqa.selenium.support.events.EventFiringWebDriver$$Lambda$207/20224131.invoke(Unknown Source)
	at com.sun.proxy.$Proxy8.getScreenshotAs(Unknown Source)
	at org.openqa.selenium.support.events.EventFiringWebDriver.getScreenshotAs(EventFiringWebDriver.java:302)
	at com.crm.qa.util.TestUtil.takeScreenshotAtEndOfTest(TestUtil.java:65)
	at com.crm.qa.util.WebEventListener.onException(WebEventListener.java:130)
	at org.openqa.selenium.support.events.EventFiringWebDriver.lambda$new$0(EventFiringWebDriver.java:84)
	at org.openqa.selenium.support.events.EventFiringWebDriver$$Lambda$206/45023307.invoke(Unknown Source)
	at com.sun.proxy.$Proxy7.onException(Unknown Source)
	at org.openqa.selenium.support.events.EventFiringWebDriver.lambda$new$1(EventFiringWebDriver.java:107)
	at org.openqa.selenium.support.events.EventFiringWebDriver$$Lambda$207/20224131.invoke(Unknown Source)
	at com.sun.proxy.$Proxy8.getScreenshotAs(Unknown Source)
	at org.openqa.selenium.support.events.EventFiringWebDriver.getScreenshotAs(EventFiringWebDriver.java:302)
	at com.crm.qa.util.TestUtil.takeScreenshotAtEndOfTest(TestUtil.java:65)
	at com.crm.qa.util.WebEventListener.onException(WebEventListener.java:130)
	at org.openqa.selenium.support.events.EventFiringWebDriver.lambda$new$0(EventFiringWebDriver.java:84)
	at org.openqa.selenium.support.events.EventFiringWebDriver$$Lambda$206/45023307.invoke(Unknown Source)
	at com.sun.proxy.$Proxy7.onException(Unknown Source)
	at org.openqa.selenium.support.events.EventFiringWebDriver.lambda$new$1(EventFiringWebDriver.java:107)
	at org.openqa.selenium.support.events.EventFiringWebDriver$$Lambda$207/20224131.invoke(Unknown Source)
	at com.sun.proxy.$Proxy8.getScreenshotAs(Unknown Source)
	at org.openqa.selenium.support.events.EventFiringWebDriver.getScreenshotAs(EventFiringWebDriver.java:302)
	at com.crm.qa.util.TestUtil.takeScreenshotAtEndOfTest(TestUtil.java:65)
	at com.crm.qa.util.WebEventListener.onException(WebEventListener.java:130)
... Removed 255 stack frames]]>
    </failure>
  </testcase> <!-- loginPageTitleTest -->
  <testcase name="validateTittleTest" time="0.003" classname="com.crm.qa.testcases.HomePageTest">
    <skipped/>
  </testcase> <!-- validateTittleTest -->
  <testcase name="CRMlogoImageTest" time="14.018" classname="com.crm.qa.testcases.LoginPageTest">
    <failure type="java.lang.StackOverflowError">
      <![CDATA[java.lang.StackOverflowError
	at java.lang.Exception.<init>(Unknown Source)
	at java.lang.ReflectiveOperationException.<init>(Unknown Source)
	at org.openqa.selenium.support.events.EventFiringWebDriver.lambda$new$0(EventFiringWebDriver.java:84)
	at org.openqa.selenium.support.events.EventFiringWebDriver$$Lambda$206/45023307.invoke(Unknown Source)
	at com.sun.proxy.$Proxy7.onException(Unknown Source)
	at org.openqa.selenium.support.events.EventFiringWebDriver.lambda$new$1(EventFiringWebDriver.java:107)
	at org.openqa.selenium.support.events.EventFiringWebDriver$$Lambda$207/20224131.invoke(Unknown Source)
	at com.sun.proxy.$Proxy8.getScreenshotAs(Unknown Source)
	at org.openqa.selenium.support.events.EventFiringWebDriver.getScreenshotAs(EventFiringWebDriver.java:302)
	at com.crm.qa.util.TestUtil.takeScreenshotAtEndOfTest(TestUtil.java:65)
	at com.crm.qa.util.WebEventListener.onException(WebEventListener.java:130)
	at org.openqa.selenium.support.events.EventFiringWebDriver.lambda$new$0(EventFiringWebDriver.java:84)
	at org.openqa.selenium.support.events.EventFiringWebDriver$$Lambda$206/45023307.invoke(Unknown Source)
	at com.sun.proxy.$Proxy7.onException(Unknown Source)
	at org.openqa.selenium.support.events.EventFiringWebDriver.lambda$new$1(EventFiringWebDriver.java:107)
	at org.openqa.selenium.support.events.EventFiringWebDriver$$Lambda$207/20224131.invoke(Unknown Source)
	at com.sun.proxy.$Proxy8.getScreenshotAs(Unknown Source)
	at org.openqa.selenium.support.events.EventFiringWebDriver.getScreenshotAs(EventFiringWebDriver.java:302)
	at com.crm.qa.util.TestUtil.takeScreenshotAtEndOfTest(TestUtil.java:65)
[...]
	at com.crm.qa.util.WebEventListener.onException(WebEventListener.java:130)
	at org.openqa.selenium.support.events.EventFiringWebDriver.lambda$new$0(EventFiringWebDriver.java:84)
	at org.openqa.selenium.support.events.EventFiringWebDriver$$Lambda$206/45023307.invoke(Unknown Source)
	at com.sun.proxy.$Proxy7.onException(Unknown Source)
	at org.openqa.selenium.support.events.EventFiringWebDriver.lambda$new$1(EventFiringWebDriver.java:107)
	at org.openqa.selenium.support.events.EventFiringWebDriver$$Lambda$207/20224131.invoke(Unknown Source)
	at com.sun.proxy.$Proxy8.getScreenshotAs(Unknown Source)
	at org.openqa.selenium.support.events.EventFiringWebDriver.getScreenshotAs(EventFiringWebDriver.java:302)
	at com.crm.qa.util.TestUtil.takeScreenshotAtEndOfTest(TestUtil.java:65)
	at com.crm.qa.util.WebEventListener.onException(WebEventListener.java:130)
	at org.openqa.selenium.support.events.EventFiringWebDriver.lambda$new$0(EventFiringWebDriver.java:84)
	at org.openqa.selenium.support.events.EventFiringWebDriver$$Lambda$206/45023307.invoke(Unknown Source)
	at com.sun.proxy.$Proxy7.onException(Unknown Source)
	at org.openqa.selenium.support.events.EventFiringWebDriver.lambda$new$1(EventFiringWebDriver.java:107)
	at org.openqa.selenium.support.events.EventFiringWebDriver$$Lambda$207/20224131.invoke(Unknown Source)
	at com.sun.proxy.$Proxy8.getScreenshotAs(Unknown Source)
	at org.openqa.selenium.support.events.EventFiringWebDriver.getScreenshotAs(EventFiringWebDriver.java:302)
	at com.crm.qa.util.TestUtil.takeScreenshotAtEndOfTest(TestUtil.java:65)
	at com.crm.qa.util.WebEventListener.onException(WebEventListener.java:130)
	at org.openqa.selenium.support.events.EventFiringWebDriver.lambda$new$0(EventFiringWebDriver.java:84)
	at org.openqa.selenium.support.events.EventFiringWebDriver$$Lambda$206/45023307.invoke(Unknown Source)
	at com.sun.proxy.$Proxy7.onException(Unknown Source)
	at org.openqa.selenium.support.events.EventFiringWebDriver.lambda$new$1(EventFiringWebDriver.java:107)
	at org.openqa.selenium.support.events.EventFiringWebDriver$$Lambda$207/20224131.invoke(Unknown Source)
	at com.sun.proxy.$Proxy8.getScreenshotAs(Unknown Source)
	at org.openqa.selenium.support.events.EventFiringWebDriver.getScreenshotAs(EventFiringWebDriver.java:302)
	at com.crm.qa.util.TestUtil.takeScreenshotAtEndOfTest(TestUtil.java:65)
	at com.crm.qa.util.WebEventListener.onException(WebEventListener.java:130)
	at org.openqa.selenium.support.events.EventFiringWebDriver.lambda$new$0(EventFiringWebDriver.java:84)
	at org.openqa.selenium.support.events.EventFiringWebDriver$$Lambda$206/45023307.invoke(Unknown Source)
	at com.sun.proxy.$Proxy7.onException(Unknown Source)
	at org.openqa.selenium.support.events.EventFiringWebDriver.lambda$new$1(EventFiringWebDriver.java:107)
	at org.openqa.selenium.support.events.EventFiringWebDriver$$Lambda$207/20224131.invoke(Unknown Source)
	at com.sun.proxy.$Proxy8.getScreenshotAs(Unknown Source)
	at org.openqa.selenium.support.events.EventFiringWebDriver.getScreenshotAs(EventFiringWebDriver.java:302)
	at com.crm.qa.util.TestUtil.takeScreenshotAtEndOfTest(TestUtil.java:65)
	at com.crm.qa.util.WebEventListener.onException(WebEventListener.java:130)
	at org.openqa.selenium.support.events.EventFiringWebDriver.lambda$new$0(EventFiringWebDriver.java:84)
	at org.openqa.selenium.support.events.EventFiringWebDriver$$Lambda$206/45023307.invoke(Unknown Source)
	at com.sun.proxy.$Proxy7.onException(Unknown Source)
	at org.openqa.selenium.support.events.EventFiringWebDriver.lambda$new$1(EventFiringWebDriver.java:107)
	at org.openqa.selenium.support.events.EventFiringWebDriver$$Lambda$207/20224131.invoke(Unknown Source)
	at com.sun.proxy.$Proxy8.getScreenshotAs(Unknown Source)
	at org.openqa.selenium.support.events.EventFiringWebDriver.getScreenshotAs(EventFiringWebDriver.java:302)
	at com.crm.qa.util.TestUtil.takeScreenshotAtEndOfTest(TestUtil.java:65)
	at com.crm.qa.util.WebEventListener.onException(WebEventListener.java:130)
	at org.openqa.selenium.support.events.EventFiringWebDriver.lambda$new$0(EventFiringWebDriver.java:84)
	at org.openqa.selenium.support.events.EventFiringWebDriver$$Lambda$206/45023307.invoke(Unknown Source)
	at com.sun.proxy.$Proxy7.onException(Unknown Source)
	at org.openqa.selenium.support.events.EventFiringWebDriver.lambda$new$1(EventFiringWebDriver.java:107)
	at org.openqa.selenium.support.events.EventFiringWebDriver$$Lambda$207/20224131.invoke(Unknown Source)
	at com.sun.proxy.$Proxy8.getScreenshotAs(Unknown Source)
	at org.openqa.selenium.support.events.EventFiringWebDriver.getScreenshotAs(EventFiringWebDriver.java:302)
	at com.crm.qa.util.TestUtil.takeScreenshotAtEndOfTest(TestUtil.java:65)
	at com.crm.qa.util.WebEventListener.onException(WebEventListener.java:130)
	at org.openqa.selenium.support.events.EventFiringWebDriver.lambda$new$0(EventFiringWebDriver.java:84)
	at org.openqa.selenium.support.events.EventFiringWebDriver$$Lambda$206/45023307.invoke(Unknown Source)
	at com.sun.proxy.$Proxy7.onException(Unknown Source)
	at org.openqa.selenium.support.events.EventFiringWebDriver.lambda$new$1(EventFiringWebDriver.java:107)
	at org.openqa.selenium.support.events.EventFiringWebDriver$$Lambda$207/20224131.invoke(Unknown Source)
	at com.sun.proxy.$Proxy8.getScreenshotAs(Unknown Source)
	at org.openqa.selenium.support.events.EventFiringWebDriver.getScreenshotAs(EventFiringWebDriver.java:302)
	at com.crm.qa.util.TestUtil.takeScreenshotAtEndOfTest(TestUtil.java:65)
	at com.crm.qa.util.WebEventListener.onException(WebEventListener.java:130)
	at org.openqa.selenium.support.events.EventFiringWebDriver.lambda$new$0(EventFiringWebDriver.java:84)
	at org.openqa.selenium.support.events.EventFiringWebDriver$$Lambda$206/45023307.invoke(Unknown Source)
	at com.sun.proxy.$Proxy7.onException(Unknown Source)
	at org.openqa.selenium.support.events.EventFiringWebDriver.lambda$new$1(EventFiringWebDriver.java:107)
	at org.openqa.selenium.support.events.EventFiringWebDriver$$Lambda$207/20224131.invoke(Unknown Source)
	at com.sun.proxy.$Proxy8.getScreenshotAs(Unknown Source)
	at org.openqa.selenium.support.events.EventFiringWebDriver.getScreenshotAs(EventFiringWebDriver.java:302)
	at com.crm.qa.util.TestUtil.takeScreenshotAtEndOfTest(TestUtil.java:65)
	at com.crm.qa.util.WebEventListener.onException(WebEventListener.java:130)
	at org.openqa.selenium.support.events.EventFiringWebDriver.lambda$new$0(EventFiringWebDriver.java:84)
	at org.openqa.selenium.support.events.EventFiringWebDriver$$Lambda$206/45023307.invoke(Unknown Source)
	at com.sun.proxy.$Proxy7.onException(Unknown Source)
	at org.openqa.selenium.support.events.EventFiringWebDriver.lambda$new$1(EventFiringWebDriver.java:107)
	at org.openqa.selenium.support.events.EventFiringWebDriver$$Lambda$207/20224131.invoke(Unknown Source)
	at com.sun.proxy.$Proxy8.getScreenshotAs(Unknown Source)
	at org.openqa.selenium.support.events.EventFiringWebDriver.getScreenshotAs(EventFiringWebDriver.java:302)
	at com.crm.qa.util.TestUtil.takeScreenshotAtEndOfTest(TestUtil.java:65)
	at com.crm.qa.util.WebEventListener.onException(WebEventListener.java:130)
	at org.openqa.selenium.support.events.EventFiringWebDriver.lambda$new$0(EventFiringWebDriver.java:84)
	at org.openqa.selenium.support.events.EventFiringWebDriver$$Lambda$206/45023307.invoke(Unknown Source)
	at com.sun.proxy.$Proxy7.onException(Unknown Source)
	at org.openqa.selenium.support.events.EventFiringWebDriver.lambda$new$1(EventFiringWebDriver.java:107)
	at org.openqa.selenium.support.events.EventFiringWebDriver$$Lambda$207/20224131.invoke(Unknown Source)
	at com.sun.proxy.$Proxy8.getScreenshotAs(Unknown Source)
	at org.openqa.selenium.support.events.EventFiringWebDriver.getScreenshotAs(EventFiringWebDriver.java:302)
	at com.crm.qa.util.TestUtil.takeScreenshotAtEndOfTest(TestUtil.java:65)
	at com.crm.qa.util.WebEventListener.onException(WebEventListener.java:130)
	at org.openqa.selenium.support.events.EventFiringWebDriver.lambda$new$0(EventFiringWebDriver.java:84)
	at org.openqa.selenium.support.events.EventFiringWebDriver$$Lambda$206/45023307.invoke(Unknown Source)
	at com.sun.proxy.$Proxy7.onException(Unknown Source)
	at org.openqa.selenium.support.events.EventFiringWebDriver.lambda$new$1(EventFiringWebDriver.java:107)
	at org.openqa.selenium.support.events.EventFiringWebDriver$$Lambda$207/20224131.invoke(Unknown Source)
	at com.sun.proxy.$Proxy8.getScreenshotAs(Unknown Source)
	at org.openqa.selenium.support.events.EventFiringWebDriver.getScreenshotAs(EventFiringWebDriver.java:302)
	at com.crm.qa.util.TestUtil.takeScreenshotAtEndOfTest(TestUtil.java:65)
	at com.crm.qa.util.WebEventListener.onException(WebEventListener.java:130)
	at org.openqa.selenium.support.events.EventFiringWebDriver.lambda$new$0(EventFiringWebDriver.java:84)
	at org.openqa.selenium.support.events.EventFiringWebDriver$$Lambda$206/45023307.invoke(Unknown Source)
	at com.sun.proxy.$Proxy7.onException(Unknown Source)
	at org.openqa.selenium.support.events.EventFiringWebDriver.lambda$new$1(EventFiringWebDriver.java:107)
	at org.openqa.selenium.support.events.EventFiringWebDriver$$Lambda$207/20224131.invoke(Unknown Source)
	at com.sun.proxy.$Proxy8.getScreenshotAs(Unknown Source)
	at org.openqa.selenium.support.events.EventFiringWebDriver.getScreenshotAs(EventFiringWebDriver.java:302)
	at com.crm.qa.util.TestUtil.takeScreenshotAtEndOfTest(TestUtil.java:65)
	at com.crm.qa.util.WebEventListener.onException(WebEventListener.java:130)
	at org.openqa.selenium.support.events.EventFiringWebDriver.lambda$new$0(EventFiringWebDriver.java:84)
	at org.openqa.selenium.support.events.EventFiringWebDriver$$Lambda$206/45023307.invoke(Unknown Source)
	at com.sun.proxy.$Proxy7.onException(Unknown Source)
	at org.openqa.selenium.support.events.EventFiringWebDriver.lambda$new$1(EventFiringWebDriver.java:107)
	at org.openqa.selenium.support.events.EventFiringWebDriver$$Lambda$207/20224131.invoke(Unknown Source)
	at com.sun.proxy.$Proxy8.getScreenshotAs(Unknown Source)
	at org.openqa.selenium.support.events.EventFiringWebDriver.getScreenshotAs(EventFiringWebDriver.java:302)
	at com.crm.qa.util.TestUtil.takeScreenshotAtEndOfTest(TestUtil.java:65)
	at com.crm.qa.util.WebEventListener.onException(WebEventListener.java:130)
	at org.openqa.selenium.support.events.EventFiringWebDriver.lambda$new$0(EventFiringWebDriver.java:84)
	at org.openqa.selenium.support.events.EventFiringWebDriver$$Lambda$206/45023307.invoke(Unknown Source)
	at com.sun.proxy.$Proxy7.onException(Unknown Source)
	at org.openqa.selenium.support.events.EventFiringWebDriver.lambda$new$1(EventFiringWebDriver.java:107)
	at org.openqa.selenium.support.events.EventFiringWebDriver$$Lambda$207/20224131.invoke(Unknown Source)
	at com.sun.proxy.$Proxy8.getScreenshotAs(Unknown Source)
	at org.openqa.selenium.support.events.EventFiringWebDriver.getScreenshotAs(EventFiringWebDriver.java:302)
	at com.crm.qa.util.TestUtil.takeScreenshotAtEndOfTest(TestUtil.java:65)
	at com.crm.qa.util.WebEventListener.onException(WebEventListener.java:130)
	at org.openqa.selenium.support.events.EventFiringWebDriver.lambda$new$0(EventFiringWebDriver.java:84)
	at org.openqa.selenium.support.events.EventFiringWebDriver$$Lambda$206/45023307.invoke(Unknown Source)
	at com.sun.proxy.$Proxy7.onException(Unknown Source)
	at org.openqa.selenium.support.events.EventFiringWebDriver.lambda$new$1(EventFiringWebDriver.java:107)
	at org.openqa.selenium.support.events.EventFiringWebDriver$$Lambda$207/20224131.invoke(Unknown Source)
	at com.sun.proxy.$Proxy8.getScreenshotAs(Unknown Source)
	at org.openqa.selenium.support.events.EventFiringWebDriver.getScreenshotAs(EventFiringWebDriver.java:302)
	at com.crm.qa.util.TestUtil.takeScreenshotAtEndOfTest(TestUtil.java:65)
	at com.crm.qa.util.WebEventListener.onException(WebEventListener.java:130)
	at org.openqa.selenium.support.events.EventFiringWebDriver.lambda$new$0(EventFiringWebDriver.java:84)
	at org.openqa.selenium.support.events.EventFiringWebDriver$$Lambda$206/45023307.invoke(Unknown Source)
	at com.sun.proxy.$Proxy7.onException(Unknown Source)
	at org.openqa.selenium.support.events.EventFiringWebDriver.lambda$new$1(EventFiringWebDriver.java:107)
	at org.openqa.selenium.support.events.EventFiringWebDriver$$Lambda$207/20224131.invoke(Unknown Source)
	at com.sun.proxy.$Proxy8.getScreenshotAs(Unknown Source)
	at org.openqa.selenium.support.events.EventFiringWebDriver.getScreenshotAs(EventFiringWebDriver.java:302)
	at com.crm.qa.util.TestUtil.takeScreenshotAtEndOfTest(TestUtil.java:65)
	at com.crm.qa.util.WebEventListener.onException(WebEventListener.java:130)
	at org.openqa.selenium.support.events.EventFiringWebDriver.lambda$new$0(EventFiringWebDriver.java:84)
	at org.openqa.selenium.support.events.EventFiringWebDriver$$Lambda$206/45023307.invoke(Unknown Source)
	at com.sun.proxy.$Proxy7.onException(Unknown Source)
	at org.openqa.selenium.support.events.EventFiringWebDriver.lambda$new$1(EventFiringWebDriver.java:107)
	at org.openqa.selenium.support.events.EventFiringWebDriver$$Lambda$207/20224131.invoke(Unknown Source)
	at com.sun.proxy.$Proxy8.getScreenshotAs(Unknown Source)
	at org.openqa.selenium.support.events.EventFiringWebDriver.getScreenshotAs(EventFiringWebDriver.java:302)
	at com.crm.qa.util.TestUtil.takeScreenshotAtEndOfTest(TestUtil.java:65)
	at com.crm.qa.util.WebEventListener.onException(WebEventListener.java:130)
	at org.openqa.selenium.support.events.EventFiringWebDriver.lambda$new$0(EventFiringWebDriver.java:84)
	at org.openqa.selenium.support.events.EventFiringWebDriver$$Lambda$206/45023307.invoke(Unknown Source)
	at com.sun.proxy.$Proxy7.onException(Unknown Source)
	at org.openqa.selenium.support.events.EventFiringWebDriver.lambda$new$1(EventFiringWebDriver.java:107)
	at org.openqa.selenium.support.events.EventFiringWebDriver$$Lambda$207/20224131.invoke(Unknown Source)
	at com.sun.proxy.$Proxy8.getScreenshotAs(Unknown Source)
	at org.openqa.selenium.support.events.EventFiringWebDriver.getScreenshotAs(EventFiringWebDriver.java:302)
	at com.crm.qa.util.TestUtil.takeScreenshotAtEndOfTest(TestUtil.java:65)
	at com.crm.qa.util.WebEventListener.onException(WebEventListener.java:130)
	at org.openqa.selenium.support.events.EventFiringWebDriver.lambda$new$0(EventFiringWebDriver.java:84)
	at org.openqa.selenium.support.events.EventFiringWebDriver$$Lambda$206/45023307.invoke(Unknown Source)
	at com.sun.proxy.$Proxy7.onException(Unknown Source)
	at org.openqa.selenium.support.events.EventFiringWebDriver.lambda$new$1(EventFiringWebDriver.java:107)
	at org.openqa.selenium.support.events.EventFiringWebDriver$$Lambda$207/20224131.invoke(Unknown Source)
	at com.sun.proxy.$Proxy8.getScreenshotAs(Unknown Source)
	at org.openqa.selenium.support.events.EventFiringWebDriver.getScreenshotAs(EventFiringWebDriver.java:302)
	at com.crm.qa.util.TestUtil.takeScreenshotAtEndOfTest(TestUtil.java:65)
	at com.crm.qa.util.WebEventListener.onException(WebEventListener.java:130)
	at org.openqa.selenium.support.events.EventFiringWebDriver.lambda$new$0(EventFiringWebDriver.java:84)
	at org.openqa.selenium.support.events.EventFiringWebDriver$$Lambda$206/45023307.invoke(Unknown Source)
	at com.sun.proxy.$Proxy7.onException(Unknown Source)
	at org.openqa.selenium.support.events.EventFiringWebDriver.lambda$new$1(EventFiringWebDriver.java:107)
	at org.openqa.selenium.support.events.EventFiringWebDriver$$Lambda$207/20224131.invoke(Unknown Source)
	at com.sun.proxy.$Proxy8.getScreenshotAs(Unknown Source)
	at org.openqa.selenium.support.events.EventFiringWebDriver.getScreenshotAs(EventFiringWebDriver.java:302)
	at com.crm.qa.util.TestUtil.takeScreenshotAtEndOfTest(TestUtil.java:65)
	at com.crm.qa.util.WebEventListener.onException(WebEventListener.java:130)
	at org.openqa.selenium.support.events.EventFiringWebDriver.lambda$new$0(EventFiringWebDriver.java:84)
	at org.openqa.selenium.support.events.EventFiringWebDriver$$Lambda$206/45023307.invoke(Unknown Source)
	at com.sun.proxy.$Proxy7.onException(Unknown Source)
	at org.openqa.selenium.support.events.EventFiringWebDriver.lambda$new$1(EventFiringWebDriver.java:107)
	at org.openqa.selenium.support.events.EventFiringWebDriver$$Lambda$207/20224131.invoke(Unknown Source)
	at com.sun.proxy.$Proxy8.getScreenshotAs(Unknown Source)
	at org.openqa.selenium.support.events.EventFiringWebDriver.getScreenshotAs(EventFiringWebDriver.java:302)
	at com.crm.qa.util.TestUtil.takeScreenshotAtEndOfTest(TestUtil.java:65)
	at com.crm.qa.util.WebEventListener.onException(WebEventListener.java:130)
	at org.openqa.selenium.support.events.EventFiringWebDriver.lambda$new$0(EventFiringWebDriver.java:84)
	at org.openqa.selenium.support.events.EventFiringWebDriver$$Lambda$206/45023307.invoke(Unknown Source)
	at com.sun.proxy.$Proxy7.onException(Unknown Source)
	at org.openqa.selenium.support.events.EventFiringWebDriver.lambda$new$1(EventFiringWebDriver.java:107)
	at org.openqa.selenium.support.events.EventFiringWebDriver$$Lambda$207/20224131.invoke(Unknown Source)
	at com.sun.proxy.$Proxy8.getScreenshotAs(Unknown Source)
	at org.openqa.selenium.support.events.EventFiringWebDriver.getScreenshotAs(EventFiringWebDriver.java:302)
	at com.crm.qa.util.TestUtil.takeScreenshotAtEndOfTest(TestUtil.java:65)
	at com.crm.qa.util.WebEventListener.onException(WebEventListener.java:130)
	at org.openqa.selenium.support.events.EventFiringWebDriver.lambda$new$0(EventFiringWebDriver.java:84)
	at org.openqa.selenium.support.events.EventFiringWebDriver$$Lambda$206/45023307.invoke(Unknown Source)
	at com.sun.proxy.$Proxy7.onException(Unknown Source)
	at org.openqa.selenium.support.events.EventFiringWebDriver.lambda$new$1(EventFiringWebDriver.java:107)
	at org.openqa.selenium.support.events.EventFiringWebDriver$$Lambda$207/20224131.invoke(Unknown Source)
	at com.sun.proxy.$Proxy8.getScreenshotAs(Unknown Source)
	at org.openqa.selenium.support.events.EventFiringWebDriver.getScreenshotAs(EventFiringWebDriver.java:302)
	at com.crm.qa.util.TestUtil.takeScreenshotAtEndOfTest(TestUtil.java:65)
	at com.crm.qa.util.WebEventListener.onException(WebEventListener.java:130)
	at org.openqa.selenium.support.events.EventFiringWebDriver.lambda$new$0(EventFiringWebDriver.java:84)
	at org.openqa.selenium.support.events.EventFiringWebDriver$$Lambda$206/45023307.invoke(Unknown Source)
	at com.sun.proxy.$Proxy7.onException(Unknown Source)
	at org.openqa.selenium.support.events.EventFiringWebDriver.lambda$new$1(EventFiringWebDriver.java:107)
	at org.openqa.selenium.support.events.EventFiringWebDriver$$Lambda$207/20224131.invoke(Unknown Source)
	at com.sun.proxy.$Proxy8.getScreenshotAs(Unknown Source)
	at org.openqa.selenium.support.events.EventFiringWebDriver.getScreenshotAs(EventFiringWebDriver.java:302)
	at com.crm.qa.util.TestUtil.takeScreenshotAtEndOfTest(TestUtil.java:65)
	at com.crm.qa.util.WebEventListener.onException(WebEventListener.java:130)
... Removed 257 stack frames]]>
    </failure>
  </testcase> <!-- CRMlogoImageTest -->
  <testcase name="validUserNameTest" time="0.0" classname="com.crm.qa.testcases.HomePageTest">
    <skipped/>
  </testcase> <!-- validUserNameTest -->
  <testcase name="logintest" time="0.0" classname="com.crm.qa.testcases.LoginPageTest">
    <skipped/>
  </testcase> <!-- logintest -->
  <testcase name="verifyContactslink" time="0.0" classname="com.crm.qa.testcases.HomePageTest">
    <skipped/>
  </testcase> <!-- verifyContactslink -->
  <testcase name="validateCreateNewContact" time="0.0" classname="com.crm.qa.testcases.ContactsPageTest">
    <skipped/>
  </testcase> <!-- validateCreateNewContact -->
  <testcase name="validateCreateNewContact" time="0.0" classname="com.crm.qa.testcases.ContactsPageTest">
    <skipped/>
  </testcase> <!-- validateCreateNewContact -->
  <testcase name="validateCreateNewContact" time="0.0" classname="com.crm.qa.testcases.ContactsPageTest">
    <skipped/>
  </testcase> <!-- validateCreateNewContact -->
</testsuite> <!-- Test -->
